2023-02-10 16:04:42,601 INFO  Logger.cs: 70 - 
--------------------------------------------------------------------------------
2023-02-10 16:04:42,623 INFO  Logger.cs: 71 - Logging commencing for SW2URDF exporter
2023-02-10 16:04:42,624 INFO  Logger.cs: 73 - Commit version 1.6.0-4-g7f85cfe
2023-02-10 16:04:42,625 INFO  Logger.cs: 74 - Build version 1.6.7995.38578
2023-02-10 16:04:42,632 INFO  SwAddin.cs: 192 - Attempting to connect to SW
2023-02-10 16:04:42,632 INFO  SwAddin.cs: 197 - Setting up callbacks
2023-02-10 16:04:42,633 INFO  SwAddin.cs: 201 - Setting up command manager
2023-02-10 16:04:42,634 INFO  SwAddin.cs: 204 - Adding command manager
2023-02-10 16:04:42,636 INFO  SwAddin.cs: 263 - Adding Assembly export to file menu
2023-02-10 16:04:42,638 INFO  SwAddin.cs: 272 - Adding Part export to file menu
2023-02-10 16:04:42,638 INFO  SwAddin.cs: 210 - Adding event handlers
2023-02-10 16:04:42,776 INFO  SwAddin.cs: 217 - Connecting plugin to SolidWorks
2023-02-10 16:07:24,917 INFO  SwAddin.cs: 294 - Assembly export called for file CV材@T.sldasm
2023-02-10 16:07:24,918 INFO  SwAddin.cs: 299 - Save is required
2023-02-10 16:07:24,918 INFO  SwAddin.cs: 313 - Saving assembly
2023-02-10 16:07:24,918 INFO  SwAddin.cs: 316 - Opening property manager
2023-02-10 16:07:24,926 INFO  ExportHelperExtension.cs: 1125 - Retrieving features of type [CoordSys] from CV材@T.sldasm
2023-02-10 16:07:24,951 INFO  ExportHelperExtension.cs: 1136 - Found 47 in CV材@T.sldasm
2023-02-10 16:07:24,952 INFO  ExportHelperExtension.cs: 1145 - Found 0 features of type [CoordSys] in CV材@T.sldasm
2023-02-10 16:07:24,952 INFO  ExportHelperExtension.cs: 1148 - Proceeding through assembly components
2023-02-10 16:07:24,953 INFO  ExportHelperExtension.cs: 1160 - 28 components to check
2023-02-10 16:07:24,954 INFO  ExportHelperExtension.cs: 1125 - Retrieving features of type [CoordSys] from 1101CAANA01AA-1-1
2023-02-10 16:07:24,954 INFO  ExportHelperExtension.cs: 1136 - Found 34 in 1101CAANA01AA-1-1
2023-02-10 16:07:24,955 INFO  ExportHelperExtension.cs: 1145 - Found 0 features of type [CoordSys] in 1101CAANA01AA-1-1
2023-02-10 16:07:24,955 INFO  ExportHelperExtension.cs: 1125 - Retrieving features of type [CoordSys] from C-CNFJN10-80(MISUMI)-1
2023-02-10 16:07:24,955 INFO  ExportHelperExtension.cs: 1136 - Found 17 in C-CNFJN10-80(MISUMI)-1
2023-02-10 16:07:24,956 INFO  ExportHelperExtension.cs: 1145 - Found 0 features of type [CoordSys] in C-CNFJN10-80(MISUMI)-1
2023-02-10 16:07:24,956 INFO  ExportHelperExtension.cs: 1125 - Retrieving features of type [CoordSys] from C-CNFJN10-80(MISUMI)-2
2023-02-10 16:07:24,975 INFO  ExportHelperExtension.cs: 1136 - Found 17 in C-CNFJN10-80(MISUMI)-2
2023-02-10 16:07:24,975 INFO  ExportHelperExtension.cs: 1145 - Found 0 features of type [CoordSys] in C-CNFJN10-80(MISUMI)-2
2023-02-10 16:07:24,976 INFO  ExportHelperExtension.cs: 1125 - Retrieving features of type [CoordSys] from C-CNFJN10-80(MISUMI)-4
2023-02-10 16:07:24,976 INFO  ExportHelperExtension.cs: 1136 - Found 17 in C-CNFJN10-80(MISUMI)-4
2023-02-10 16:07:24,976 INFO  ExportHelperExtension.cs: 1145 - Found 0 features of type [CoordSys] in C-CNFJN10-80(MISUMI)-4
2023-02-10 16:07:24,977 INFO  ExportHelperExtension.cs: 1125 - Retrieving features of type [CoordSys] from C-CNFJN10-80(MISUMI)-3
2023-02-10 16:07:24,977 INFO  ExportHelperExtension.cs: 1136 - Found 17 in C-CNFJN10-80(MISUMI)-3
2023-02-10 16:07:24,977 INFO  ExportHelperExtension.cs: 1145 - Found 0 features of type [CoordSys] in C-CNFJN10-80(MISUMI)-3
2023-02-10 16:07:24,977 INFO  ExportHelperExtension.cs: 1125 - Retrieving features of type [CoordSys] from 300L-1
2023-02-10 16:07:24,978 INFO  ExportHelperExtension.cs: 1136 - Found 17 in 300L-1
2023-02-10 16:07:24,978 INFO  ExportHelperExtension.cs: 1145 - Found 0 features of type [CoordSys] in 300L-1
2023-02-10 16:07:24,978 INFO  ExportHelperExtension.cs: 1125 - Retrieving features of type [CoordSys] from 300L-4
2023-02-10 16:07:24,979 INFO  ExportHelperExtension.cs: 1136 - Found 17 in 300L-4
2023-02-10 16:07:24,979 INFO  ExportHelperExtension.cs: 1145 - Found 0 features of type [CoordSys] in 300L-4
2023-02-10 16:07:24,979 INFO  ExportHelperExtension.cs: 1125 - Retrieving features of type [CoordSys] from 300L-2
2023-02-10 16:07:24,980 INFO  ExportHelperExtension.cs: 1136 - Found 17 in 300L-2
2023-02-10 16:07:24,980 INFO  ExportHelperExtension.cs: 1145 - Found 0 features of type [CoordSys] in 300L-2
2023-02-10 16:07:24,980 INFO  ExportHelperExtension.cs: 1125 - Retrieving features of type [CoordSys] from 300L-3
2023-02-10 16:07:24,980 INFO  ExportHelperExtension.cs: 1136 - Found 17 in 300L-3
2023-02-10 16:07:24,981 INFO  ExportHelperExtension.cs: 1145 - Found 0 features of type [CoordSys] in 300L-3
2023-02-10 16:07:24,981 INFO  ExportHelperExtension.cs: 1125 - Retrieving features of type [CoordSys] from 300L-12
2023-02-10 16:07:24,981 INFO  ExportHelperExtension.cs: 1136 - Found 17 in 300L-12
2023-02-10 16:07:24,981 INFO  ExportHelperExtension.cs: 1145 - Found 0 features of type [CoordSys] in 300L-12
2023-02-10 16:07:24,982 INFO  ExportHelperExtension.cs: 1125 - Retrieving features of type [CoordSys] from 300L-8
2023-02-10 16:07:24,982 INFO  ExportHelperExtension.cs: 1136 - Found 17 in 300L-8
2023-02-10 16:07:24,982 INFO  ExportHelperExtension.cs: 1145 - Found 0 features of type [CoordSys] in 300L-8
2023-02-10 16:07:24,983 INFO  ExportHelperExtension.cs: 1125 - Retrieving features of type [CoordSys] from 300L-7
2023-02-10 16:07:24,983 INFO  ExportHelperExtension.cs: 1136 - Found 17 in 300L-7
2023-02-10 16:07:24,983 INFO  ExportHelperExtension.cs: 1145 - Found 0 features of type [CoordSys] in 300L-7
2023-02-10 16:07:24,983 INFO  ExportHelperExtension.cs: 1125 - Retrieving features of type [CoordSys] from 300L-9
2023-02-10 16:07:24,984 INFO  ExportHelperExtension.cs: 1136 - Found 17 in 300L-9
2023-02-10 16:07:24,984 INFO  ExportHelperExtension.cs: 1145 - Found 0 features of type [CoordSys] in 300L-9
2023-02-10 16:07:24,984 INFO  ExportHelperExtension.cs: 1125 - Retrieving features of type [CoordSys] from 300L-11
2023-02-10 16:07:24,984 INFO  ExportHelperExtension.cs: 1136 - Found 17 in 300L-11
2023-02-10 16:07:24,985 INFO  ExportHelperExtension.cs: 1145 - Found 0 features of type [CoordSys] in 300L-11
2023-02-10 16:07:24,985 INFO  ExportHelperExtension.cs: 1125 - Retrieving features of type [CoordSys] from 300L-13
2023-02-10 16:07:24,985 INFO  ExportHelperExtension.cs: 1136 - Found 17 in 300L-13
2023-02-10 16:07:24,986 INFO  ExportHelperExtension.cs: 1145 - Found 0 features of type [CoordSys] in 300L-13
2023-02-10 16:07:24,986 INFO  ExportHelperExtension.cs: 1125 - Retrieving features of type [CoordSys] from 300L-18
2023-02-10 16:07:24,986 INFO  ExportHelperExtension.cs: 1136 - Found 17 in 300L-18
2023-02-10 16:07:24,986 INFO  ExportHelperExtension.cs: 1145 - Found 0 features of type [CoordSys] in 300L-18
2023-02-10 16:07:24,987 INFO  ExportHelperExtension.cs: 1125 - Retrieving features of type [CoordSys] from u近や[A-1
2023-02-10 16:07:24,987 INFO  ExportHelperExtension.cs: 1136 - Found 17 in u近や[A-1
2023-02-10 16:07:24,987 INFO  ExportHelperExtension.cs: 1145 - Found 0 features of type [CoordSys] in u近や[A-1
2023-02-10 16:07:24,987 INFO  ExportHelperExtension.cs: 1125 - Retrieving features of type [CoordSys] from u近や[A-2
2023-02-10 16:07:24,988 INFO  ExportHelperExtension.cs: 1136 - Found 17 in u近や[A-2
2023-02-10 16:07:24,988 INFO  ExportHelperExtension.cs: 1145 - Found 0 features of type [CoordSys] in u近や[A-2
2023-02-10 16:07:24,988 INFO  ExportHelperExtension.cs: 1125 - Retrieving features of type [CoordSys] from 300L-17
2023-02-10 16:07:24,989 INFO  ExportHelperExtension.cs: 1136 - Found 17 in 300L-17
2023-02-10 16:07:24,989 INFO  ExportHelperExtension.cs: 1145 - Found 0 features of type [CoordSys] in 300L-17
2023-02-10 16:07:24,989 INFO  ExportHelperExtension.cs: 1125 - Retrieving features of type [CoordSys] from 300L-16
2023-02-10 16:07:24,989 INFO  ExportHelperExtension.cs: 1136 - Found 17 in 300L-16
2023-02-10 16:07:24,990 INFO  ExportHelperExtension.cs: 1145 - Found 0 features of type [CoordSys] in 300L-16
2023-02-10 16:07:24,990 INFO  ExportHelperExtension.cs: 1125 - Retrieving features of type [CoordSys] from 300L-15
2023-02-10 16:07:24,990 INFO  ExportHelperExtension.cs: 1136 - Found 17 in 300L-15
2023-02-10 16:07:24,991 INFO  ExportHelperExtension.cs: 1145 - Found 0 features of type [CoordSys] in 300L-15
2023-02-10 16:07:24,991 INFO  ExportHelperExtension.cs: 1125 - Retrieving features of type [CoordSys] from 300L-5
2023-02-10 16:07:24,991 INFO  ExportHelperExtension.cs: 1136 - Found 17 in 300L-5
2023-02-10 16:07:24,991 INFO  ExportHelperExtension.cs: 1145 - Found 0 features of type [CoordSys] in 300L-5
2023-02-10 16:07:24,992 INFO  ExportHelperExtension.cs: 1125 - Retrieving features of type [CoordSys] from 774L-1
2023-02-10 16:07:24,992 INFO  ExportHelperExtension.cs: 1136 - Found 17 in 774L-1
2023-02-10 16:07:24,992 INFO  ExportHelperExtension.cs: 1145 - Found 0 features of type [CoordSys] in 774L-1
2023-02-10 16:07:24,992 INFO  ExportHelperExtension.cs: 1125 - Retrieving features of type [CoordSys] from 300L-14
2023-02-10 16:07:24,993 INFO  ExportHelperExtension.cs: 1136 - Found 17 in 300L-14
2023-02-10 16:07:24,993 INFO  ExportHelperExtension.cs: 1145 - Found 0 features of type [CoordSys] in 300L-14
2023-02-10 16:07:24,993 INFO  ExportHelperExtension.cs: 1125 - Retrieving features of type [CoordSys] from 300L-6
2023-02-10 16:07:24,994 INFO  ExportHelperExtension.cs: 1136 - Found 17 in 300L-6
2023-02-10 16:07:24,994 INFO  ExportHelperExtension.cs: 1145 - Found 0 features of type [CoordSys] in 300L-6
2023-02-10 16:07:24,994 INFO  ExportHelperExtension.cs: 1125 - Retrieving features of type [CoordSys] from u近や[B-2
2023-02-10 16:07:24,994 INFO  ExportHelperExtension.cs: 1136 - Found 17 in u近や[B-2
2023-02-10 16:07:24,995 INFO  ExportHelperExtension.cs: 1145 - Found 0 features of type [CoordSys] in u近や[B-2
2023-02-10 16:07:24,995 INFO  ExportHelperExtension.cs: 1125 - Retrieving features of type [CoordSys] from u近や[B-1
2023-02-10 16:07:24,995 INFO  ExportHelperExtension.cs: 1136 - Found 17 in u近や[B-1
2023-02-10 16:07:24,996 INFO  ExportHelperExtension.cs: 1145 - Found 0 features of type [CoordSys] in u近や[B-1
2023-02-10 16:07:24,996 INFO  ExportHelperExtension.cs: 1125 - Retrieving features of type [CoordSys] from 300L-10
2023-02-10 16:07:24,996 INFO  ExportHelperExtension.cs: 1136 - Found 17 in 300L-10
2023-02-10 16:07:24,996 INFO  ExportHelperExtension.cs: 1145 - Found 0 features of type [CoordSys] in 300L-10
2023-02-10 16:07:24,997 INFO  ExportHelperExtension.cs: 1125 - Retrieving features of type [RefAxis] from CV材@T.sldasm
2023-02-10 16:07:24,997 INFO  ExportHelperExtension.cs: 1136 - Found 47 in CV材@T.sldasm
2023-02-10 16:07:24,997 INFO  ExportHelperExtension.cs: 1145 - Found 0 features of type [RefAxis] in CV材@T.sldasm
2023-02-10 16:07:24,998 INFO  ExportHelperExtension.cs: 1148 - Proceeding through assembly components
2023-02-10 16:07:24,998 INFO  ExportHelperExtension.cs: 1160 - 28 components to check
2023-02-10 16:07:24,998 INFO  ExportHelperExtension.cs: 1125 - Retrieving features of type [RefAxis] from 1101CAANA01AA-1-1
2023-02-10 16:07:24,998 INFO  ExportHelperExtension.cs: 1136 - Found 34 in 1101CAANA01AA-1-1
2023-02-10 16:07:24,999 INFO  ExportHelperExtension.cs: 1145 - Found 0 features of type [RefAxis] in 1101CAANA01AA-1-1
2023-02-10 16:07:24,999 INFO  ExportHelperExtension.cs: 1125 - Retrieving features of type [RefAxis] from C-CNFJN10-80(MISUMI)-1
2023-02-10 16:07:24,999 INFO  ExportHelperExtension.cs: 1136 - Found 17 in C-CNFJN10-80(MISUMI)-1
2023-02-10 16:07:25,000 INFO  ExportHelperExtension.cs: 1145 - Found 0 features of type [RefAxis] in C-CNFJN10-80(MISUMI)-1
2023-02-10 16:07:25,000 INFO  ExportHelperExtension.cs: 1125 - Retrieving features of type [RefAxis] from C-CNFJN10-80(MISUMI)-2
2023-02-10 16:07:25,000 INFO  ExportHelperExtension.cs: 1136 - Found 17 in C-CNFJN10-80(MISUMI)-2
2023-02-10 16:07:25,001 INFO  ExportHelperExtension.cs: 1145 - Found 0 features of type [RefAxis] in C-CNFJN10-80(MISUMI)-2
2023-02-10 16:07:25,001 INFO  ExportHelperExtension.cs: 1125 - Retrieving features of type [RefAxis] from C-CNFJN10-80(MISUMI)-4
2023-02-10 16:07:25,001 INFO  ExportHelperExtension.cs: 1136 - Found 17 in C-CNFJN10-80(MISUMI)-4
2023-02-10 16:07:25,001 INFO  ExportHelperExtension.cs: 1145 - Found 0 features of type [RefAxis] in C-CNFJN10-80(MISUMI)-4
2023-02-10 16:07:25,002 INFO  ExportHelperExtension.cs: 1125 - Retrieving features of type [RefAxis] from C-CNFJN10-80(MISUMI)-3
2023-02-10 16:07:25,002 INFO  ExportHelperExtension.cs: 1136 - Found 17 in C-CNFJN10-80(MISUMI)-3
2023-02-10 16:07:25,002 INFO  ExportHelperExtension.cs: 1145 - Found 0 features of type [RefAxis] in C-CNFJN10-80(MISUMI)-3
2023-02-10 16:07:25,002 INFO  ExportHelperExtension.cs: 1125 - Retrieving features of type [RefAxis] from 300L-1
2023-02-10 16:07:25,002 INFO  ExportHelperExtension.cs: 1136 - Found 17 in 300L-1
2023-02-10 16:07:25,002 INFO  ExportHelperExtension.cs: 1145 - Found 0 features of type [RefAxis] in 300L-1
2023-02-10 16:07:25,002 INFO  ExportHelperExtension.cs: 1125 - Retrieving features of type [RefAxis] from 300L-4
2023-02-10 16:07:25,003 INFO  ExportHelperExtension.cs: 1136 - Found 17 in 300L-4
2023-02-10 16:07:25,003 INFO  ExportHelperExtension.cs: 1145 - Found 0 features of type [RefAxis] in 300L-4
2023-02-10 16:07:25,003 INFO  ExportHelperExtension.cs: 1125 - Retrieving features of type [RefAxis] from 300L-2
2023-02-10 16:07:25,003 INFO  ExportHelperExtension.cs: 1136 - Found 17 in 300L-2
2023-02-10 16:07:25,004 INFO  ExportHelperExtension.cs: 1145 - Found 0 features of type [RefAxis] in 300L-2
2023-02-10 16:07:25,004 INFO  ExportHelperExtension.cs: 1125 - Retrieving features of type [RefAxis] from 300L-3
2023-02-10 16:07:25,004 INFO  ExportHelperExtension.cs: 1136 - Found 17 in 300L-3
2023-02-10 16:07:25,004 INFO  ExportHelperExtension.cs: 1145 - Found 0 features of type [RefAxis] in 300L-3
2023-02-10 16:07:25,005 INFO  ExportHelperExtension.cs: 1125 - Retrieving features of type [RefAxis] from 300L-12
2023-02-10 16:07:25,005 INFO  ExportHelperExtension.cs: 1136 - Found 17 in 300L-12
2023-02-10 16:07:25,005 INFO  ExportHelperExtension.cs: 1145 - Found 0 features of type [RefAxis] in 300L-12
2023-02-10 16:07:25,005 INFO  ExportHelperExtension.cs: 1125 - Retrieving features of type [RefAxis] from 300L-8
2023-02-10 16:07:25,006 INFO  ExportHelperExtension.cs: 1136 - Found 17 in 300L-8
2023-02-10 16:07:25,006 INFO  ExportHelperExtension.cs: 1145 - Found 0 features of type [RefAxis] in 300L-8
2023-02-10 16:07:25,006 INFO  ExportHelperExtension.cs: 1125 - Retrieving features of type [RefAxis] from 300L-7
2023-02-10 16:07:25,007 INFO  ExportHelperExtension.cs: 1136 - Found 17 in 300L-7
2023-02-10 16:07:25,008 INFO  ExportHelperExtension.cs: 1145 - Found 0 features of type [RefAxis] in 300L-7
2023-02-10 16:07:25,008 INFO  ExportHelperExtension.cs: 1125 - Retrieving features of type [RefAxis] from 300L-9
2023-02-10 16:07:25,008 INFO  ExportHelperExtension.cs: 1136 - Found 17 in 300L-9
2023-02-10 16:07:25,008 INFO  ExportHelperExtension.cs: 1145 - Found 0 features of type [RefAxis] in 300L-9
2023-02-10 16:07:25,008 INFO  ExportHelperExtension.cs: 1125 - Retrieving features of type [RefAxis] from 300L-11
2023-02-10 16:07:25,008 INFO  ExportHelperExtension.cs: 1136 - Found 17 in 300L-11
2023-02-10 16:07:25,008 INFO  ExportHelperExtension.cs: 1145 - Found 0 features of type [RefAxis] in 300L-11
2023-02-10 16:07:25,009 INFO  ExportHelperExtension.cs: 1125 - Retrieving features of type [RefAxis] from 300L-13
2023-02-10 16:07:25,009 INFO  ExportHelperExtension.cs: 1136 - Found 17 in 300L-13
2023-02-10 16:07:25,009 INFO  ExportHelperExtension.cs: 1145 - Found 0 features of type [RefAxis] in 300L-13
2023-02-10 16:07:25,010 INFO  ExportHelperExtension.cs: 1125 - Retrieving features of type [RefAxis] from 300L-18
2023-02-10 16:07:25,010 INFO  ExportHelperExtension.cs: 1136 - Found 17 in 300L-18
2023-02-10 16:07:25,010 INFO  ExportHelperExtension.cs: 1145 - Found 0 features of type [RefAxis] in 300L-18
2023-02-10 16:07:25,010 INFO  ExportHelperExtension.cs: 1125 - Retrieving features of type [RefAxis] from u近や[A-1
2023-02-10 16:07:25,011 INFO  ExportHelperExtension.cs: 1136 - Found 17 in u近や[A-1
2023-02-10 16:07:25,011 INFO  ExportHelperExtension.cs: 1145 - Found 0 features of type [RefAxis] in u近や[A-1
2023-02-10 16:07:25,011 INFO  ExportHelperExtension.cs: 1125 - Retrieving features of type [RefAxis] from u近や[A-2
2023-02-10 16:07:25,012 INFO  ExportHelperExtension.cs: 1136 - Found 17 in u近や[A-2
2023-02-10 16:07:25,012 INFO  ExportHelperExtension.cs: 1145 - Found 0 features of type [RefAxis] in u近や[A-2
2023-02-10 16:07:25,012 INFO  ExportHelperExtension.cs: 1125 - Retrieving features of type [RefAxis] from 300L-17
2023-02-10 16:07:25,012 INFO  ExportHelperExtension.cs: 1136 - Found 17 in 300L-17
2023-02-10 16:07:25,013 INFO  ExportHelperExtension.cs: 1145 - Found 0 features of type [RefAxis] in 300L-17
2023-02-10 16:07:25,013 INFO  ExportHelperExtension.cs: 1125 - Retrieving features of type [RefAxis] from 300L-16
2023-02-10 16:07:25,013 INFO  ExportHelperExtension.cs: 1136 - Found 17 in 300L-16
2023-02-10 16:07:25,014 INFO  ExportHelperExtension.cs: 1145 - Found 0 features of type [RefAxis] in 300L-16
2023-02-10 16:07:25,014 INFO  ExportHelperExtension.cs: 1125 - Retrieving features of type [RefAxis] from 300L-15
2023-02-10 16:07:25,014 INFO  ExportHelperExtension.cs: 1136 - Found 17 in 300L-15
2023-02-10 16:07:25,014 INFO  ExportHelperExtension.cs: 1145 - Found 0 features of type [RefAxis] in 300L-15
2023-02-10 16:07:25,018 INFO  ExportHelperExtension.cs: 1125 - Retrieving features of type [RefAxis] from 300L-5
2023-02-10 16:07:25,018 INFO  ExportHelperExtension.cs: 1136 - Found 17 in 300L-5
2023-02-10 16:07:25,019 INFO  ExportHelperExtension.cs: 1145 - Found 0 features of type [RefAxis] in 300L-5
2023-02-10 16:07:25,019 INFO  ExportHelperExtension.cs: 1125 - Retrieving features of type [RefAxis] from 774L-1
2023-02-10 16:07:25,023 INFO  ExportHelperExtension.cs: 1136 - Found 17 in 774L-1
2023-02-10 16:07:25,023 INFO  ExportHelperExtension.cs: 1145 - Found 0 features of type [RefAxis] in 774L-1
2023-02-10 16:07:25,023 INFO  ExportHelperExtension.cs: 1125 - Retrieving features of type [RefAxis] from 300L-14
2023-02-10 16:07:25,024 INFO  ExportHelperExtension.cs: 1136 - Found 17 in 300L-14
2023-02-10 16:07:25,024 INFO  ExportHelperExtension.cs: 1145 - Found 0 features of type [RefAxis] in 300L-14
2023-02-10 16:07:25,024 INFO  ExportHelperExtension.cs: 1125 - Retrieving features of type [RefAxis] from 300L-6
2023-02-10 16:07:25,024 INFO  ExportHelperExtension.cs: 1136 - Found 17 in 300L-6
2023-02-10 16:07:25,025 INFO  ExportHelperExtension.cs: 1145 - Found 0 features of type [RefAxis] in 300L-6
2023-02-10 16:07:25,025 INFO  ExportHelperExtension.cs: 1125 - Retrieving features of type [RefAxis] from u近や[B-2
2023-02-10 16:07:25,025 INFO  ExportHelperExtension.cs: 1136 - Found 17 in u近や[B-2
2023-02-10 16:07:25,025 INFO  ExportHelperExtension.cs: 1145 - Found 0 features of type [RefAxis] in u近や[B-2
2023-02-10 16:07:25,026 INFO  ExportHelperExtension.cs: 1125 - Retrieving features of type [RefAxis] from u近や[B-1
2023-02-10 16:07:25,026 INFO  ExportHelperExtension.cs: 1136 - Found 17 in u近や[B-1
2023-02-10 16:07:25,026 INFO  ExportHelperExtension.cs: 1145 - Found 0 features of type [RefAxis] in u近や[B-1
2023-02-10 16:07:25,027 INFO  ExportHelperExtension.cs: 1125 - Retrieving features of type [RefAxis] from 300L-10
2023-02-10 16:07:25,027 INFO  ExportHelperExtension.cs: 1136 - Found 17 in 300L-10
2023-02-10 16:07:25,027 INFO  ExportHelperExtension.cs: 1145 - Found 0 features of type [RefAxis] in 300L-10
2023-02-10 16:07:25,194 INFO  SwAddin.cs: 339 - Loading config tree
2023-02-10 16:07:25,197 INFO  ExportPropertyManagerExtension.cs: 520 - Starting new configuration
2023-02-10 16:07:25,201 INFO  SwAddin.cs: 344 - Showing property manager
2023-02-10 16:07:32,691 INFO  ExportPropertyManager.cs: 422 - Configuration saved
2023-02-10 16:07:34,706 INFO  ExportHelperExtension.cs: 1125 - Retrieving features of type [CoordSys] from CV材@T.sldasm
2023-02-10 16:07:34,707 INFO  ExportHelperExtension.cs: 1136 - Found 50 in CV材@T.sldasm
2023-02-10 16:07:34,708 INFO  ExportHelperExtension.cs: 1145 - Found 1 features of type [CoordSys] in CV材@T.sldasm
2023-02-10 16:07:34,708 INFO  ExportHelperExtension.cs: 1148 - Proceeding through assembly components
2023-02-10 16:07:34,709 INFO  ExportHelperExtension.cs: 1160 - 28 components to check
2023-02-10 16:07:34,709 INFO  ExportHelperExtension.cs: 1125 - Retrieving features of type [CoordSys] from 1101CAANA01AA-1-1
2023-02-10 16:07:34,710 INFO  ExportHelperExtension.cs: 1136 - Found 34 in 1101CAANA01AA-1-1
2023-02-10 16:07:34,710 INFO  ExportHelperExtension.cs: 1145 - Found 0 features of type [CoordSys] in 1101CAANA01AA-1-1
2023-02-10 16:07:34,710 INFO  ExportHelperExtension.cs: 1125 - Retrieving features of type [CoordSys] from C-CNFJN10-80(MISUMI)-1
2023-02-10 16:07:34,711 INFO  ExportHelperExtension.cs: 1136 - Found 17 in C-CNFJN10-80(MISUMI)-1
2023-02-10 16:07:34,711 INFO  ExportHelperExtension.cs: 1145 - Found 0 features of type [CoordSys] in C-CNFJN10-80(MISUMI)-1
2023-02-10 16:07:34,712 INFO  ExportHelperExtension.cs: 1125 - Retrieving features of type [CoordSys] from C-CNFJN10-80(MISUMI)-2
2023-02-10 16:07:34,712 INFO  ExportHelperExtension.cs: 1136 - Found 17 in C-CNFJN10-80(MISUMI)-2
2023-02-10 16:07:34,712 INFO  ExportHelperExtension.cs: 1145 - Found 0 features of type [CoordSys] in C-CNFJN10-80(MISUMI)-2
2023-02-10 16:07:34,712 INFO  ExportHelperExtension.cs: 1125 - Retrieving features of type [CoordSys] from C-CNFJN10-80(MISUMI)-4
2023-02-10 16:07:34,712 INFO  ExportHelperExtension.cs: 1136 - Found 17 in C-CNFJN10-80(MISUMI)-4
2023-02-10 16:07:34,712 INFO  ExportHelperExtension.cs: 1145 - Found 0 features of type [CoordSys] in C-CNFJN10-80(MISUMI)-4
2023-02-10 16:07:34,713 INFO  ExportHelperExtension.cs: 1125 - Retrieving features of type [CoordSys] from C-CNFJN10-80(MISUMI)-3
2023-02-10 16:07:34,713 INFO  ExportHelperExtension.cs: 1136 - Found 17 in C-CNFJN10-80(MISUMI)-3
2023-02-10 16:07:34,714 INFO  ExportHelperExtension.cs: 1145 - Found 0 features of type [CoordSys] in C-CNFJN10-80(MISUMI)-3
2023-02-10 16:07:34,714 INFO  ExportHelperExtension.cs: 1125 - Retrieving features of type [CoordSys] from 300L-1
2023-02-10 16:07:34,714 INFO  ExportHelperExtension.cs: 1136 - Found 17 in 300L-1
2023-02-10 16:07:34,715 INFO  ExportHelperExtension.cs: 1145 - Found 0 features of type [CoordSys] in 300L-1
2023-02-10 16:07:34,715 INFO  ExportHelperExtension.cs: 1125 - Retrieving features of type [CoordSys] from 300L-4
2023-02-10 16:07:34,715 INFO  ExportHelperExtension.cs: 1136 - Found 17 in 300L-4
2023-02-10 16:07:34,716 INFO  ExportHelperExtension.cs: 1145 - Found 0 features of type [CoordSys] in 300L-4
2023-02-10 16:07:34,716 INFO  ExportHelperExtension.cs: 1125 - Retrieving features of type [CoordSys] from 300L-2
2023-02-10 16:07:34,717 INFO  ExportHelperExtension.cs: 1136 - Found 17 in 300L-2
2023-02-10 16:07:34,717 INFO  ExportHelperExtension.cs: 1145 - Found 0 features of type [CoordSys] in 300L-2
2023-02-10 16:07:34,717 INFO  ExportHelperExtension.cs: 1125 - Retrieving features of type [CoordSys] from 300L-3
2023-02-10 16:07:34,718 INFO  ExportHelperExtension.cs: 1136 - Found 17 in 300L-3
2023-02-10 16:07:34,718 INFO  ExportHelperExtension.cs: 1145 - Found 0 features of type [CoordSys] in 300L-3
2023-02-10 16:07:34,718 INFO  ExportHelperExtension.cs: 1125 - Retrieving features of type [CoordSys] from 300L-12
2023-02-10 16:07:34,719 INFO  ExportHelperExtension.cs: 1136 - Found 17 in 300L-12
2023-02-10 16:07:34,719 INFO  ExportHelperExtension.cs: 1145 - Found 0 features of type [CoordSys] in 300L-12
2023-02-10 16:07:34,719 INFO  ExportHelperExtension.cs: 1125 - Retrieving features of type [CoordSys] from 300L-8
2023-02-10 16:07:34,719 INFO  ExportHelperExtension.cs: 1136 - Found 17 in 300L-8
2023-02-10 16:07:34,720 INFO  ExportHelperExtension.cs: 1145 - Found 0 features of type [CoordSys] in 300L-8
2023-02-10 16:07:34,720 INFO  ExportHelperExtension.cs: 1125 - Retrieving features of type [CoordSys] from 300L-7
2023-02-10 16:07:34,720 INFO  ExportHelperExtension.cs: 1136 - Found 17 in 300L-7
2023-02-10 16:07:34,721 INFO  ExportHelperExtension.cs: 1145 - Found 0 features of type [CoordSys] in 300L-7
2023-02-10 16:07:34,721 INFO  ExportHelperExtension.cs: 1125 - Retrieving features of type [CoordSys] from 300L-9
2023-02-10 16:07:34,721 INFO  ExportHelperExtension.cs: 1136 - Found 17 in 300L-9
2023-02-10 16:07:34,722 INFO  ExportHelperExtension.cs: 1145 - Found 0 features of type [CoordSys] in 300L-9
2023-02-10 16:07:34,722 INFO  ExportHelperExtension.cs: 1125 - Retrieving features of type [CoordSys] from 300L-11
2023-02-10 16:07:34,722 INFO  ExportHelperExtension.cs: 1136 - Found 17 in 300L-11
2023-02-10 16:07:34,722 INFO  ExportHelperExtension.cs: 1145 - Found 0 features of type [CoordSys] in 300L-11
2023-02-10 16:07:34,723 INFO  ExportHelperExtension.cs: 1125 - Retrieving features of type [CoordSys] from 300L-13
2023-02-10 16:07:34,723 INFO  ExportHelperExtension.cs: 1136 - Found 17 in 300L-13
2023-02-10 16:07:34,723 INFO  ExportHelperExtension.cs: 1145 - Found 0 features of type [CoordSys] in 300L-13
2023-02-10 16:07:34,724 INFO  ExportHelperExtension.cs: 1125 - Retrieving features of type [CoordSys] from 300L-18
2023-02-10 16:07:34,724 INFO  ExportHelperExtension.cs: 1136 - Found 17 in 300L-18
2023-02-10 16:07:34,724 INFO  ExportHelperExtension.cs: 1145 - Found 0 features of type [CoordSys] in 300L-18
2023-02-10 16:07:34,725 INFO  ExportHelperExtension.cs: 1125 - Retrieving features of type [CoordSys] from u近や[A-1
2023-02-10 16:07:34,725 INFO  ExportHelperExtension.cs: 1136 - Found 17 in u近や[A-1
2023-02-10 16:07:34,725 INFO  ExportHelperExtension.cs: 1145 - Found 0 features of type [CoordSys] in u近や[A-1
2023-02-10 16:07:34,726 INFO  ExportHelperExtension.cs: 1125 - Retrieving features of type [CoordSys] from u近や[A-2
2023-02-10 16:07:34,726 INFO  ExportHelperExtension.cs: 1136 - Found 17 in u近や[A-2
2023-02-10 16:07:34,726 INFO  ExportHelperExtension.cs: 1145 - Found 0 features of type [CoordSys] in u近や[A-2
2023-02-10 16:07:34,727 INFO  ExportHelperExtension.cs: 1125 - Retrieving features of type [CoordSys] from 300L-17
2023-02-10 16:07:34,727 INFO  ExportHelperExtension.cs: 1136 - Found 17 in 300L-17
2023-02-10 16:07:34,730 INFO  ExportHelperExtension.cs: 1145 - Found 0 features of type [CoordSys] in 300L-17
2023-02-10 16:07:34,730 INFO  ExportHelperExtension.cs: 1125 - Retrieving features of type [CoordSys] from 300L-16
2023-02-10 16:07:34,731 INFO  ExportHelperExtension.cs: 1136 - Found 17 in 300L-16
2023-02-10 16:07:34,731 INFO  ExportHelperExtension.cs: 1145 - Found 0 features of type [CoordSys] in 300L-16
2023-02-10 16:07:34,731 INFO  ExportHelperExtension.cs: 1125 - Retrieving features of type [CoordSys] from 300L-15
2023-02-10 16:07:34,731 INFO  ExportHelperExtension.cs: 1136 - Found 17 in 300L-15
2023-02-10 16:07:34,732 INFO  ExportHelperExtension.cs: 1145 - Found 0 features of type [CoordSys] in 300L-15
2023-02-10 16:07:34,732 INFO  ExportHelperExtension.cs: 1125 - Retrieving features of type [CoordSys] from 300L-5
2023-02-10 16:07:34,732 INFO  ExportHelperExtension.cs: 1136 - Found 17 in 300L-5
2023-02-10 16:07:34,733 INFO  ExportHelperExtension.cs: 1145 - Found 0 features of type [CoordSys] in 300L-5
2023-02-10 16:07:34,733 INFO  ExportHelperExtension.cs: 1125 - Retrieving features of type [CoordSys] from 774L-1
2023-02-10 16:07:34,834 INFO  ExportHelperExtension.cs: 1136 - Found 17 in 774L-1
2023-02-10 16:07:34,834 INFO  ExportHelperExtension.cs: 1145 - Found 0 features of type [CoordSys] in 774L-1
2023-02-10 16:07:34,835 INFO  ExportHelperExtension.cs: 1125 - Retrieving features of type [CoordSys] from 300L-14
2023-02-10 16:07:34,835 INFO  ExportHelperExtension.cs: 1136 - Found 17 in 300L-14
2023-02-10 16:07:34,835 INFO  ExportHelperExtension.cs: 1145 - Found 0 features of type [CoordSys] in 300L-14
2023-02-10 16:07:34,836 INFO  ExportHelperExtension.cs: 1125 - Retrieving features of type [CoordSys] from 300L-6
2023-02-10 16:07:34,836 INFO  ExportHelperExtension.cs: 1136 - Found 17 in 300L-6
2023-02-10 16:07:34,836 INFO  ExportHelperExtension.cs: 1145 - Found 0 features of type [CoordSys] in 300L-6
2023-02-10 16:07:34,837 INFO  ExportHelperExtension.cs: 1125 - Retrieving features of type [CoordSys] from u近や[B-2
2023-02-10 16:07:34,837 INFO  ExportHelperExtension.cs: 1136 - Found 17 in u近や[B-2
2023-02-10 16:07:34,837 INFO  ExportHelperExtension.cs: 1145 - Found 0 features of type [CoordSys] in u近や[B-2
2023-02-10 16:07:34,838 INFO  ExportHelperExtension.cs: 1125 - Retrieving features of type [CoordSys] from u近や[B-1
2023-02-10 16:07:34,838 INFO  ExportHelperExtension.cs: 1136 - Found 17 in u近や[B-1
2023-02-10 16:07:34,838 INFO  ExportHelperExtension.cs: 1145 - Found 0 features of type [CoordSys] in u近や[B-1
2023-02-10 16:07:34,839 INFO  ExportHelperExtension.cs: 1125 - Retrieving features of type [CoordSys] from 300L-10
2023-02-10 16:07:34,839 INFO  ExportHelperExtension.cs: 1136 - Found 17 in 300L-10
2023-02-10 16:07:34,839 INFO  ExportHelperExtension.cs: 1145 - Found 0 features of type [CoordSys] in 300L-10
2023-02-10 16:07:34,840 INFO  ExportHelperExtension.cs: 1125 - Retrieving features of type [RefAxis] from CV材@T.sldasm
2023-02-10 16:07:34,840 INFO  ExportHelperExtension.cs: 1136 - Found 50 in CV材@T.sldasm
2023-02-10 16:07:34,840 INFO  ExportHelperExtension.cs: 1145 - Found 0 features of type [RefAxis] in CV材@T.sldasm
2023-02-10 16:07:34,841 INFO  ExportHelperExtension.cs: 1148 - Proceeding through assembly components
2023-02-10 16:07:34,841 INFO  ExportHelperExtension.cs: 1160 - 28 components to check
2023-02-10 16:07:34,841 INFO  ExportHelperExtension.cs: 1125 - Retrieving features of type [RefAxis] from 1101CAANA01AA-1-1
2023-02-10 16:07:34,842 INFO  ExportHelperExtension.cs: 1136 - Found 34 in 1101CAANA01AA-1-1
2023-02-10 16:07:34,842 INFO  ExportHelperExtension.cs: 1145 - Found 0 features of type [RefAxis] in 1101CAANA01AA-1-1
2023-02-10 16:07:34,842 INFO  ExportHelperExtension.cs: 1125 - Retrieving features of type [RefAxis] from C-CNFJN10-80(MISUMI)-1
2023-02-10 16:07:34,843 INFO  ExportHelperExtension.cs: 1136 - Found 17 in C-CNFJN10-80(MISUMI)-1
2023-02-10 16:07:34,843 INFO  ExportHelperExtension.cs: 1145 - Found 0 features of type [RefAxis] in C-CNFJN10-80(MISUMI)-1
2023-02-10 16:07:34,843 INFO  ExportHelperExtension.cs: 1125 - Retrieving features of type [RefAxis] from C-CNFJN10-80(MISUMI)-2
2023-02-10 16:07:34,844 INFO  ExportHelperExtension.cs: 1136 - Found 17 in C-CNFJN10-80(MISUMI)-2
2023-02-10 16:07:34,844 INFO  ExportHelperExtension.cs: 1145 - Found 0 features of type [RefAxis] in C-CNFJN10-80(MISUMI)-2
2023-02-10 16:07:34,844 INFO  ExportHelperExtension.cs: 1125 - Retrieving features of type [RefAxis] from C-CNFJN10-80(MISUMI)-4
2023-02-10 16:07:34,844 INFO  ExportHelperExtension.cs: 1136 - Found 17 in C-CNFJN10-80(MISUMI)-4
2023-02-10 16:07:34,845 INFO  ExportHelperExtension.cs: 1145 - Found 0 features of type [RefAxis] in C-CNFJN10-80(MISUMI)-4
2023-02-10 16:07:34,845 INFO  ExportHelperExtension.cs: 1125 - Retrieving features of type [RefAxis] from C-CNFJN10-80(MISUMI)-3
2023-02-10 16:07:34,845 INFO  ExportHelperExtension.cs: 1136 - Found 17 in C-CNFJN10-80(MISUMI)-3
2023-02-10 16:07:34,846 INFO  ExportHelperExtension.cs: 1145 - Found 0 features of type [RefAxis] in C-CNFJN10-80(MISUMI)-3
2023-02-10 16:07:34,846 INFO  ExportHelperExtension.cs: 1125 - Retrieving features of type [RefAxis] from 300L-1
2023-02-10 16:07:34,846 INFO  ExportHelperExtension.cs: 1136 - Found 17 in 300L-1
2023-02-10 16:07:34,847 INFO  ExportHelperExtension.cs: 1145 - Found 0 features of type [RefAxis] in 300L-1
2023-02-10 16:07:34,847 INFO  ExportHelperExtension.cs: 1125 - Retrieving features of type [RefAxis] from 300L-4
2023-02-10 16:07:34,847 INFO  ExportHelperExtension.cs: 1136 - Found 17 in 300L-4
2023-02-10 16:07:34,847 INFO  ExportHelperExtension.cs: 1145 - Found 0 features of type [RefAxis] in 300L-4
2023-02-10 16:07:34,848 INFO  ExportHelperExtension.cs: 1125 - Retrieving features of type [RefAxis] from 300L-2
2023-02-10 16:07:34,848 INFO  ExportHelperExtension.cs: 1136 - Found 17 in 300L-2
2023-02-10 16:07:34,849 INFO  ExportHelperExtension.cs: 1145 - Found 0 features of type [RefAxis] in 300L-2
2023-02-10 16:07:34,849 INFO  ExportHelperExtension.cs: 1125 - Retrieving features of type [RefAxis] from 300L-3
2023-02-10 16:07:34,849 INFO  ExportHelperExtension.cs: 1136 - Found 17 in 300L-3
2023-02-10 16:07:34,850 INFO  ExportHelperExtension.cs: 1145 - Found 0 features of type [RefAxis] in 300L-3
2023-02-10 16:07:34,850 INFO  ExportHelperExtension.cs: 1125 - Retrieving features of type [RefAxis] from 300L-12
2023-02-10 16:07:34,850 INFO  ExportHelperExtension.cs: 1136 - Found 17 in 300L-12
2023-02-10 16:07:34,851 INFO  ExportHelperExtension.cs: 1145 - Found 0 features of type [RefAxis] in 300L-12
2023-02-10 16:07:34,851 INFO  ExportHelperExtension.cs: 1125 - Retrieving features of type [RefAxis] from 300L-8
2023-02-10 16:07:34,851 INFO  ExportHelperExtension.cs: 1136 - Found 17 in 300L-8
2023-02-10 16:07:34,852 INFO  ExportHelperExtension.cs: 1145 - Found 0 features of type [RefAxis] in 300L-8
2023-02-10 16:07:34,852 INFO  ExportHelperExtension.cs: 1125 - Retrieving features of type [RefAxis] from 300L-7
2023-02-10 16:07:34,852 INFO  ExportHelperExtension.cs: 1136 - Found 17 in 300L-7
2023-02-10 16:07:34,853 INFO  ExportHelperExtension.cs: 1145 - Found 0 features of type [RefAxis] in 300L-7
2023-02-10 16:07:34,853 INFO  ExportHelperExtension.cs: 1125 - Retrieving features of type [RefAxis] from 300L-9
2023-02-10 16:07:34,853 INFO  ExportHelperExtension.cs: 1136 - Found 17 in 300L-9
2023-02-10 16:07:34,854 INFO  ExportHelperExtension.cs: 1145 - Found 0 features of type [RefAxis] in 300L-9
2023-02-10 16:07:34,854 INFO  ExportHelperExtension.cs: 1125 - Retrieving features of type [RefAxis] from 300L-11
2023-02-10 16:07:34,854 INFO  ExportHelperExtension.cs: 1136 - Found 17 in 300L-11
2023-02-10 16:07:34,854 INFO  ExportHelperExtension.cs: 1145 - Found 0 features of type [RefAxis] in 300L-11
2023-02-10 16:07:34,854 INFO  ExportHelperExtension.cs: 1125 - Retrieving features of type [RefAxis] from 300L-13
2023-02-10 16:07:34,854 INFO  ExportHelperExtension.cs: 1136 - Found 17 in 300L-13
2023-02-10 16:07:34,854 INFO  ExportHelperExtension.cs: 1145 - Found 0 features of type [RefAxis] in 300L-13
2023-02-10 16:07:34,855 INFO  ExportHelperExtension.cs: 1125 - Retrieving features of type [RefAxis] from 300L-18
2023-02-10 16:07:34,855 INFO  ExportHelperExtension.cs: 1136 - Found 17 in 300L-18
2023-02-10 16:07:34,855 INFO  ExportHelperExtension.cs: 1145 - Found 0 features of type [RefAxis] in 300L-18
2023-02-10 16:07:34,856 INFO  ExportHelperExtension.cs: 1125 - Retrieving features of type [RefAxis] from u近や[A-1
2023-02-10 16:07:34,856 INFO  ExportHelperExtension.cs: 1136 - Found 17 in u近や[A-1
2023-02-10 16:07:34,857 INFO  ExportHelperExtension.cs: 1145 - Found 0 features of type [RefAxis] in u近や[A-1
2023-02-10 16:07:34,857 INFO  ExportHelperExtension.cs: 1125 - Retrieving features of type [RefAxis] from u近や[A-2
2023-02-10 16:07:34,857 INFO  ExportHelperExtension.cs: 1136 - Found 17 in u近や[A-2
2023-02-10 16:07:34,858 INFO  ExportHelperExtension.cs: 1145 - Found 0 features of type [RefAxis] in u近や[A-2
2023-02-10 16:07:34,858 INFO  ExportHelperExtension.cs: 1125 - Retrieving features of type [RefAxis] from 300L-17
2023-02-10 16:07:34,858 INFO  ExportHelperExtension.cs: 1136 - Found 17 in 300L-17
2023-02-10 16:07:34,859 INFO  ExportHelperExtension.cs: 1145 - Found 0 features of type [RefAxis] in 300L-17
2023-02-10 16:07:34,859 INFO  ExportHelperExtension.cs: 1125 - Retrieving features of type [RefAxis] from 300L-16
2023-02-10 16:07:34,859 INFO  ExportHelperExtension.cs: 1136 - Found 17 in 300L-16
2023-02-10 16:07:34,860 INFO  ExportHelperExtension.cs: 1145 - Found 0 features of type [RefAxis] in 300L-16
2023-02-10 16:07:34,860 INFO  ExportHelperExtension.cs: 1125 - Retrieving features of type [RefAxis] from 300L-15
2023-02-10 16:07:34,860 INFO  ExportHelperExtension.cs: 1136 - Found 17 in 300L-15
2023-02-10 16:07:34,861 INFO  ExportHelperExtension.cs: 1145 - Found 0 features of type [RefAxis] in 300L-15
2023-02-10 16:07:34,861 INFO  ExportHelperExtension.cs: 1125 - Retrieving features of type [RefAxis] from 300L-5
2023-02-10 16:07:34,861 INFO  ExportHelperExtension.cs: 1136 - Found 17 in 300L-5
2023-02-10 16:07:34,862 INFO  ExportHelperExtension.cs: 1145 - Found 0 features of type [RefAxis] in 300L-5
2023-02-10 16:07:34,862 INFO  ExportHelperExtension.cs: 1125 - Retrieving features of type [RefAxis] from 774L-1
2023-02-10 16:07:34,862 INFO  ExportHelperExtension.cs: 1136 - Found 17 in 774L-1
2023-02-10 16:07:34,863 INFO  ExportHelperExtension.cs: 1145 - Found 0 features of type [RefAxis] in 774L-1
2023-02-10 16:07:34,863 INFO  ExportHelperExtension.cs: 1125 - Retrieving features of type [RefAxis] from 300L-14
2023-02-10 16:07:34,863 INFO  ExportHelperExtension.cs: 1136 - Found 17 in 300L-14
2023-02-10 16:07:34,864 INFO  ExportHelperExtension.cs: 1145 - Found 0 features of type [RefAxis] in 300L-14
2023-02-10 16:07:34,864 INFO  ExportHelperExtension.cs: 1125 - Retrieving features of type [RefAxis] from 300L-6
2023-02-10 16:07:34,864 INFO  ExportHelperExtension.cs: 1136 - Found 17 in 300L-6
2023-02-10 16:07:34,865 INFO  ExportHelperExtension.cs: 1145 - Found 0 features of type [RefAxis] in 300L-6
2023-02-10 16:07:34,865 INFO  ExportHelperExtension.cs: 1125 - Retrieving features of type [RefAxis] from u近や[B-2
2023-02-10 16:07:34,865 INFO  ExportHelperExtension.cs: 1136 - Found 17 in u近や[B-2
2023-02-10 16:07:34,866 INFO  ExportHelperExtension.cs: 1145 - Found 0 features of type [RefAxis] in u近や[B-2
2023-02-10 16:07:34,866 INFO  ExportHelperExtension.cs: 1125 - Retrieving features of type [RefAxis] from u近や[B-1
2023-02-10 16:07:34,866 INFO  ExportHelperExtension.cs: 1136 - Found 17 in u近や[B-1
2023-02-10 16:07:34,867 INFO  ExportHelperExtension.cs: 1145 - Found 0 features of type [RefAxis] in u近や[B-1
2023-02-10 16:07:34,873 INFO  ExportHelperExtension.cs: 1125 - Retrieving features of type [RefAxis] from 300L-10
2023-02-10 16:07:34,873 INFO  ExportHelperExtension.cs: 1136 - Found 17 in 300L-10
2023-02-10 16:07:34,874 INFO  ExportHelperExtension.cs: 1145 - Found 0 features of type [RefAxis] in 300L-10
2023-02-10 16:07:34,956 INFO  ExportPropertyManager.cs: 1142 - AfterClose called. This method no longer throws an Exception. It just silently does nothing. Ok, except for this logging message
2023-02-10 16:07:41,214 INFO  AssemblyExportForm.cs: 253 - Completing URDF export
2023-02-10 16:07:41,228 INFO  ConfigurationSerialization.cs: 276 - URDF Configuration found
<Link z:Id="i1" xmlns="http://schemas.datacontract.org/2004/07/SW2URDF" xmlns:i="http://www.w3.org/2001/XMLSchema-instance" xmlns:z="http://schemas.microsoft.com/2003/10/Serialization/"><Attributes><Attribute z:Id="i2"><AttributeType>name</AttributeType><IsRequired>true</IsRequired><Value i:type="a:string" xmlns:a="http://www.w3.org/2001/XMLSchema">base_link</Value></Attribute></Attributes><ChildElements><URDFElement z:Id="i3" i:type="Inertial"><Attributes/><ChildElements><URDFElement z:Id="i4" i:type="Origin"><Attributes><Attribute z:Id="i5"><AttributeType>xyz</AttributeType><IsRequired>true</IsRequired><Value i:type="a:ArrayOfdouble" xmlns:a="http://schemas.microsoft.com/2003/10/Serialization/Arrays"><a:double>0</a:double><a:double>0</a:double><a:double>0</a:double></Value></Attribute><Attribute z:Id="i6"><AttributeType>rpy</AttributeType><IsRequired>true</IsRequired><Value i:type="a:ArrayOfdouble" xmlns:a="http://schemas.microsoft.com/2003/10/Serialization/Arrays"><a:double>0</a:double><a:double>0</a:double><a:double>0</a:double></Value></Attribute></Attributes><ChildElements/><ElementName>origin</ElementName><required>false</required><RPYAttribute z:Ref="i6"/><XYZAttribute z:Ref="i5"/><isCustomized>false</isCustomized></URDFElement><URDFElement z:Id="i7" i:type="Mass"><Attributes><Attribute z:Id="i8"><AttributeType>value</AttributeType><IsRequired>true</IsRequired><Value i:type="a:double" xmlns:a="http://www.w3.org/2001/XMLSchema">0</Value></Attribute></Attributes><ChildElements/><ElementName>mass</ElementName><required>false</required><ValueAttribute z:Ref="i8"/></URDFElement><URDFElement z:Id="i9" i:type="Inertia"><Attributes><Attribute z:Id="i10"><AttributeType>ixx</AttributeType><IsRequired>true</IsRequired><Value i:type="a:double" xmlns:a="http://www.w3.org/2001/XMLSchema">0</Value></Attribute><Attribute z:Id="i11"><AttributeType>ixy</AttributeType><IsRequired>true</IsRequired><Value i:type="a:double" xmlns:a="http://www.w3.org/2001/XMLSchema">0</Value></Attribute><Attribute z:Id="i12"><AttributeType>ixz</AttributeType><IsRequired>true</IsRequired><Value i:type="a:double" xmlns:a="http://www.w3.org/2001/XMLSchema">0</Value></Attribute><Attribute z:Id="i13"><AttributeType>iyy</AttributeType><IsRequired>true</IsRequired><Value i:type="a:double" xmlns:a="http://www.w3.org/2001/XMLSchema">0</Value></Attribute><Attribute z:Id="i14"><AttributeType>iyz</AttributeType><IsRequired>true</IsRequired><Value i:type="a:double" xmlns:a="http://www.w3.org/2001/XMLSchema">0</Value></Attribute><Attribute z:Id="i15"><AttributeType>izz</AttributeType><IsRequired>true</IsRequired><Value i:type="a:double" xmlns:a="http://www.w3.org/2001/XMLSchema">0</Value></Attribute></Attributes><ChildElements/><ElementName>inertia</ElementName><required>false</required><IxxAttribute z:Ref="i10"/><IxyAttribute z:Ref="i11"/><IxzAttribute z:Ref="i12"/><IyyAttribute z:Ref="i13"/><IyzAttribute z:Ref="i14"/><IzzAttribute z:Ref="i15"/></URDFElement></ChildElements><ElementName>inertial</ElementName><required>false</required><Inertia z:Ref="i9"/><Mass z:Ref="i7"/><Origin z:Ref="i4"/></URDFElement><URDFElement z:Id="i16" i:type="Visual"><Attributes/><ChildElements><URDFElement z:Id="i17" i:type="Origin"><Attributes><Attribute z:Id="i18"><AttributeType>xyz</AttributeType><IsRequired>true</IsRequired><Value i:type="a:ArrayOfdouble" xmlns:a="http://schemas.microsoft.com/2003/10/Serialization/Arrays"><a:double>0</a:double><a:double>0</a:double><a:double>0</a:double></Value></Attribute><Attribute z:Id="i19"><AttributeType>rpy</AttributeType><IsRequired>true</IsRequired><Value i:type="a:ArrayOfdouble" xmlns:a="http://schemas.microsoft.com/2003/10/Serialization/Arrays"><a:double>0</a:double><a:double>0</a:double><a:double>0</a:double></Value></Attribute></Attributes><ChildElements/><ElementName>origin</ElementName><required>false</required><RPYAttribute z:Ref="i19"/><XYZAttribute z:Ref="i18"/><isCustomized>false</isCustomized></URDFElement><URDFElement z:Id="i20" i:type="Geometry"><Attributes/><ChildElements><URDFElement z:Id="i21" i:type="Mesh"><Attributes><Attribute z:Id="i22"><AttributeType>filename</AttributeType><IsRequired>true</IsRequired><Value i:nil="true"/></Attribute></Attributes><ChildElements/><ElementName>mesh</ElementName><required>false</required><FilenameAttribute z:Ref="i22"/></URDFElement></ChildElements><ElementName>geometry</ElementName><required>true</required><Mesh z:Ref="i21"/></URDFElement><URDFElement z:Id="i23" i:type="Material"><Attributes><Attribute z:Id="i24"><AttributeType>name</AttributeType><IsRequired>true</IsRequired><Value i:type="a:string" xmlns:a="http://www.w3.org/2001/XMLSchema"/></Attribute></Attributes><ChildElements><URDFElement z:Id="i25" i:type="Color"><Attributes><Attribute z:Id="i26"><AttributeType>rgba</AttributeType><IsRequired>true</IsRequired><Value i:type="a:ArrayOfdouble" xmlns:a="http://schemas.microsoft.com/2003/10/Serialization/Arrays"><a:double>1</a:double><a:double>1</a:double><a:double>1</a:double><a:double>1</a:double></Value></Attribute></Attributes><ChildElements/><ElementName>color</ElementName><required>false</required><RGBAAttribute z:Ref="i26"/></URDFElement><URDFElement z:Id="i27" i:type="Texture"><Attributes><Attribute z:Id="i28"><AttributeType>filename</AttributeType><IsRequired>true</IsRequired><Value i:nil="true"/></Attribute></Attributes><ChildElements/><ElementName>texture</ElementName><required>false</required><FilenameAttribute z:Ref="i28"/><wFilename/></URDFElement></ChildElements><ElementName>material</ElementName><required>false</required><Color z:Ref="i25"/><NameAttribute z:Ref="i24"/><Texture z:Ref="i27"/></URDFElement></ChildElements><ElementName>visual</ElementName><required>false</required><Geometry z:Ref="i20"/><Material z:Ref="i23"/><Origin z:Ref="i17"/></URDFElement><URDFElement z:Id="i29" i:type="Collision"><Attributes/><ChildElements><URDFElement z:Id="i30" i:type="Origin"><Attributes><Attribute z:Id="i31"><AttributeType>xyz</AttributeType><IsRequired>true</IsRequired><Value i:type="a:ArrayOfdouble" xmlns:a="http://schemas.microsoft.com/2003/10/Serialization/Arrays"><a:double>0</a:double><a:double>0</a:double><a:double>0</a:double></Value></Attribute><Attribute z:Id="i32"><AttributeType>rpy</AttributeType><IsRequired>true</IsRequired><Value i:type="a:ArrayOfdouble" xmlns:a="http://schemas.microsoft.com/2003/10/Serialization/Arrays"><a:double>0</a:double><a:double>0</a:double><a:double>0</a:double></Value></Attribute></Attributes><ChildElements/><ElementName>origin</ElementName><required>false</required><RPYAttribute z:Ref="i32"/><XYZAttribute z:Ref="i31"/><isCustomized>false</isCustomized></URDFElement><URDFElement z:Id="i33" i:type="Geometry"><Attributes/><ChildElements><URDFElement z:Id="i34" i:type="Mesh"><Attributes><Attribute z:Id="i35"><AttributeType>filename</AttributeType><IsRequired>true</IsRequired><Value i:nil="true"/></Attribute></Attributes><ChildElements/><ElementName>mesh</ElementName><required>false</required><FilenameAttribute z:Ref="i35"/></URDFElement></ChildElements><ElementName>geometry</ElementName><required>true</required><Mesh z:Ref="i34"/></URDFElement></ChildElements><ElementName>collision</ElementName><required>false</required><Geometry z:Ref="i33"/><Origin z:Ref="i30"/></URDFElement><URDFElement z:Id="i36" i:type="Joint"><Attributes><Attribute z:Id="i37"><AttributeType>name</AttributeType><IsRequired>true</IsRequired><Value i:type="a:string" xmlns:a="http://www.w3.org/2001/XMLSchema"/></Attribute><Attribute z:Id="i38"><AttributeType>type</AttributeType><IsRequired>true</IsRequired><Value i:type="a:string" xmlns:a="http://www.w3.org/2001/XMLSchema"/></Attribute></Attributes><ChildElements><URDFElement z:Id="i39" i:type="Origin"><Attributes><Attribute z:Id="i40"><AttributeType>xyz</AttributeType><IsRequired>true</IsRequired><Value i:type="a:ArrayOfdouble" xmlns:a="http://schemas.microsoft.com/2003/10/Serialization/Arrays"><a:double>0</a:double><a:double>0</a:double><a:double>0</a:double></Value></Attribute><Attribute z:Id="i41"><AttributeType>rpy</AttributeType><IsRequired>true</IsRequired><Value i:type="a:ArrayOfdouble" xmlns:a="http://schemas.microsoft.com/2003/10/Serialization/Arrays"><a:double>0</a:double><a:double>0</a:double><a:double>0</a:double></Value></Attribute></Attributes><ChildElements/><ElementName>origin</ElementName><required>false</required><RPYAttribute z:Ref="i41"/><XYZAttribute z:Ref="i40"/><isCustomized>false</isCustomized></URDFElement><URDFElement z:Id="i42" i:type="ParentLink"><Attributes><Attribute z:Id="i43"><AttributeType>link</AttributeType><IsRequired>true</IsRequired><Value i:type="a:string" xmlns:a="http://www.w3.org/2001/XMLSchema"/></Attribute></Attributes><ChildElements/><ElementName>parent</ElementName><required>true</required><NameAttribute z:Ref="i43"/></URDFElement><URDFElement z:Id="i44" i:type="ChildLink"><Attributes><Attribute z:Id="i45"><AttributeType>link</AttributeType><IsRequired>true</IsRequired><Value i:type="a:string" xmlns:a="http://www.w3.org/2001/XMLSchema"/></Attribute></Attributes><ChildElements/><ElementName>child</ElementName><required>true</required><NameAttribute z:Ref="i45"/></URDFElement><URDFElement z:Id="i46" i:type="Axis"><Attributes><Attribute z:Id="i47"><AttributeType>xyz</AttributeType><IsRequired>true</IsRequired><Value i:type="a:ArrayOfdouble" xmlns:a="http://schemas.microsoft.com/2003/10/Serialization/Arrays"><a:double>0</a:double><a:double>0</a:double><a:double>0</a:double></Value></Attribute></Attributes><ChildElements/><ElementName>axis</ElementName><required>false</required><XYZAttribute z:Ref="i47"/></URDFElement><URDFElement z:Id="i48" i:type="Limit"><Attributes><Attribute z:Id="i49"><AttributeType>lower</AttributeType><IsRequired>false</IsRequired><Value i:nil="true"/></Attribute><Attribute z:Id="i50"><AttributeType>upper</AttributeType><IsRequired>false</IsRequired><Value i:nil="true"/></Attribute><Attribute z:Id="i51"><AttributeType>effort</AttributeType><IsRequired>true</IsRequired><Value i:nil="true"/></Attribute><Attribute z:Id="i52"><AttributeType>velocity</AttributeType><IsRequired>true</IsRequired><Value i:nil="true"/></Attribute></Attributes><ChildElements/><ElementName>limit</ElementName><required>false</required><EffortAttribute z:Ref="i51"/><LowerAttribute z:Ref="i49"/><UpperAttribute z:Ref="i50"/><VelocityAttribute z:Ref="i52"/></URDFElement><URDFElement z:Id="i53" i:type="Calibration"><Attributes><Attribute z:Id="i54"><AttributeType>rising</AttributeType><IsRequired>false</IsRequired><Value i:nil="true"/></Attribute><Attribute z:Id="i55"><AttributeType>falling</AttributeType><IsRequired>false</IsRequired><Value i:nil="true"/></Attribute></Attributes><ChildElements/><ElementName>calibration</ElementName><required>false</required><FallingAttribute z:Ref="i55"/><RisingAttribute z:Ref="i54"/></URDFElement><URDFElement z:Id="i56" i:type="Dynamics"><Attributes><Attribute z:Id="i57"><AttributeType>damping</AttributeType><IsRequired>false</IsRequired><Value i:nil="true"/></Attribute><Attribute z:Id="i58"><AttributeType>friction</AttributeType><IsRequired>false</IsRequired><Value i:nil="true"/></Attribute></Attributes><ChildElements/><ElementName>dynamics</ElementName><required>false</required><DampingAttribute z:Ref="i57"/><FrictionAttribute z:Ref="i58"/></URDFElement><URDFElement z:Id="i59" i:type="SafetyController"><Attributes><Attribute z:Id="i60"><AttributeType>soft_upper_limit</AttributeType><IsRequired>false</IsRequired><Value i:nil="true"/></Attribute><Attribute z:Id="i61"><AttributeType>soft_lower_limit</AttributeType><IsRequired>false</IsRequired><Value i:nil="true"/></Attribute><Attribute z:Id="i62"><AttributeType>k_position</AttributeType><IsRequired>false</IsRequired><Value i:nil="true"/></Attribute><Attribute z:Id="i63"><AttributeType>k_velocity</AttributeType><IsRequired>true</IsRequired><Value i:nil="true"/></Attribute></Attributes><ChildElements/><ElementName>safety_controller</ElementName><required>false</required><KPositionAttribute z:Ref="i62"/><KVelocityAttribute z:Ref="i63"/><SoftLowerAttribute z:Ref="i61"/><SoftUpperAttribute z:Ref="i60"/></URDFElement><URDFElement z:Id="i64" i:type="Mimic"><Attributes><Attribute z:Id="i65"><AttributeType>joint</AttributeType><IsRequired>true</IsRequired><Value i:nil="true"/></Attribute><Attribute z:Id="i66"><AttributeType>multiplier</AttributeType><IsRequired>false</IsRequired><Value i:nil="true"/></Attribute><Attribute z:Id="i67"><AttributeType>offset</AttributeType><IsRequired>false</IsRequired><Value i:nil="true"/></Attribute></Attributes><ChildElements/><ElementName>mimic</ElementName><required>false</required><JointNameAttribute z:Ref="i65"/><MultiplierAttribute z:Ref="i66"/><OffsetAttribute z:Ref="i67"/></URDFElement></ChildElements><ElementName>joint</ElementName><required>false</required><Axis z:Ref="i46"/><AxisName/><Calibration z:Ref="i53"/><Child z:Ref="i44"/><CoordinateSystemName>Automatically Generate</CoordinateSystemName><Dynamics z:Ref="i56"/><Limit z:Ref="i48"/><Mimic z:Ref="i64"/><NameAttribute z:Ref="i37"/><Origin z:Ref="i39"/><Parent z:Ref="i42"/><Safety z:Ref="i59"/><TypeAttribute z:Ref="i38"/></URDFElement></ChildElements><ElementName>link</ElementName><required>true</required><Children/><Collision z:Ref="i29"/><Inertial z:Ref="i3"/><Joint z:Ref="i36"/><NameAttribute z:Ref="i2"/><Parent i:nil="true"/><STLQualityFine>false</STLQualityFine><SWComponentPIDs xmlns:a="http://schemas.microsoft.com/2003/10/Serialization/Arrays"><a:base64Binary>KCMAAAUAAAD//v8OMwAwADAATAAtADEAMABAAEMAVgAsewBOCU7ZegQAAAAQAAAAAQAAAAEAAAAjAAAA</a:base64Binary><a:base64Binary>KCMAAAUAAAD//v8O/m4qjy9ltmdCAC0AMQBAAEMAVgAsewBOCU7ZegQAAAAQAAAAAQAAAAEAAAAvAAAA</a:base64Binary><a:base64Binary>KCMAAAUAAAD//v8O/m4qjy9ltmdCAC0AMgBAAEMAVgAsewBOCU7ZegQAAAAQAAAAAQAAAAEAAAAwAAAA</a:base64Binary><a:base64Binary>KCMAAAUAAAD//v8NMwAwADAATAAtADYAQABDAFYALHsATglO2XoEAAAAEAAAAAEAAAABAAAAHwAAAA==</a:base64Binary><a:base64Binary>KCMAAAUAAAD//v8OMwAwADAATAAtADEANABAAEMAVgAsewBOCU7ZegQAAAAQAAAAAQAAAAEAAAAnAAAA</a:base64Binary><a:base64Binary>KCMAAAUAAAD//v8NNwA3ADQATAAtADEAQABDAFYALHsATglO2XoEAAAAEAAAAAEAAAABAAAALAAAAA==</a:base64Binary><a:base64Binary>KCMAAAUAAAD//v8NMwAwADAATAAtADUAQABDAFYALHsATglO2XoEAAAAEAAAAAEAAAABAAAAHgAAAA==</a:base64Binary><a:base64Binary>KCMAAAUAAAD//v8OMwAwADAATAAtADEANQBAAEMAVgAsewBOCU7ZegQAAAAQAAAAAQAAAAEAAAAoAAAA</a:base64Binary><a:base64Binary>KCMAAAUAAAD//v8OMwAwADAATAAtADEANgBAAEMAVgAsewBOCU7ZegQAAAAQAAAAAQAAAAEAAAApAAAA</a:base64Binary><a:base64Binary>KCMAAAUAAAD//v8OMwAwADAATAAtADEANwBAAEMAVgAsewBOCU7ZegQAAAAQAAAAAQAAAAEAAAAqAAAA</a:base64Binary><a:base64Binary>KCMAAAUAAAD//v8O/m4qjy9ltmdBAC0AMgBAAEMAVgAsewBOCU7ZegQAAAAQAAAAAQAAAAEAAAAuAAAA</a:base64Binary><a:base64Binary>KCMAAAUAAAD//v8O/m4qjy9ltmdBAC0AMQBAAEMAVgAsewBOCU7ZegQAAAAQAAAAAQAAAAEAAAAtAAAA</a:base64Binary><a:base64Binary>KCMAAAUAAAD//v8OMwAwADAATAAtADEAOABAAEMAVgAsewBOCU7ZegQAAAAQAAAAAQAAAAEAAAArAAAA</a:base64Binary><a:base64Binary>KCMAAAUAAAD//v8OMwAwADAATAAtADEAMwBAAEMAVgAsewBOCU7ZegQAAAAQAAAAAQAAAAEAAAAmAAAA</a:base64Binary><a:base64Binary>KCMAAAUAAAD//v8OMwAwADAATAAtADEAMQBAAEMAVgAsewBOCU7ZegQAAAAQAAAAAQAAAAEAAAAkAAAA</a:base64Binary><a:base64Binary>KCMAAAUAAAD//v8NMwAwADAATAAtADkAQABDAFYALHsATglO2XoEAAAAEAAAAAEAAAABAAAAIgAAAA==</a:base64Binary><a:base64Binary>KCMAAAUAAAD//v8NMwAwADAATAAtADcAQABDAFYALHsATglO2XoEAAAAEAAAAAEAAAABAAAAIAAAAA==</a:base64Binary><a:base64Binary>KCMAAAUAAAD//v8NMwAwADAATAAtADgAQABDAFYALHsATglO2XoEAAAAEAAAAAEAAAABAAAAIQAAAA==</a:base64Binary><a:base64Binary>KCMAAAUAAAD//v8OMwAwADAATAAtADEAMgBAAEMAVgAsewBOCU7ZegQAAAAQAAAAAQAAAAEAAAAlAAAA</a:base64Binary><a:base64Binary>KCMAAAUAAAD//v8NMwAwADAATAAtADMAQABDAFYALHsATglO2XoEAAAAEAAAAAEAAAABAAAAHAAAAA==</a:base64Binary><a:base64Binary>KCMAAAUAAAD//v8NMwAwADAATAAtADIAQABDAFYALHsATglO2XoEAAAAEAAAAAEAAAABAAAAGwAAAA==</a:base64Binary><a:base64Binary>KCMAAAUAAAD//v8NMwAwADAATAAtADQAQABDAFYALHsATglO2XoEAAAAEAAAAAEAAAABAAAAHQAAAA==</a:base64Binary><a:base64Binary>KCMAAAUAAAD//v8NMwAwADAATAAtADEAQABDAFYALHsATglO2XoEAAAAEAAAAAEAAAABAAAAGgAAAA==</a:base64Binary><a:base64Binary>KCMAAAUAAAD//v8dQwAtAEMATgBGAEoATgAxADAALQA4ADAAKABNAEkAUwBVAE0ASQApAC0AMwBAAEMAVgAsewBOCU7ZegQAAAAQAAAAAQAAAAEAAAAYAAAA</a:base64Binary><a:base64Binary>KCMAAAUAAAD//v8dQwAtAEMATgBGAEoATgAxADAALQA4ADAAKABNAEkAUwBVAE0ASQApAC0ANABAAEMAVgAsewBOCU7ZegQAAAAQAAAAAQAAAAEAAAAZAAAA</a:base64Binary><a:base64Binary>KCMAAAUAAAD//v8dQwAtAEMATgBGAEoATgAxADAALQA4ADAAKABNAEkAUwBVAE0ASQApAC0AMgBAAEMAVgAsewBOCU7ZegQAAAAQAAAAAQAAAAEAAAAXAAAA</a:base64Binary><a:base64Binary>KCMAAAUAAAD//v8dQwAtAEMATgBGAEoATgAxADAALQA4ADAAKABNAEkAUwBVAE0ASQApAC0AMQBAAEMAVgAsewBOCU7ZegQAAAAQAAAAAQAAAAEAAAAWAAAA</a:base64Binary><a:base64Binary>KCMAAAUAAAD//v8YMQAxADAAMQBDAEEAQQBOAEEAMAAxAEEAQQAtADEALQAxAEAAQwBWACx7AE4JTtl6BAAAABAAAAABAAAAAQAAABUAAAA=</a:base64Binary></SWComponentPIDs><SWMainComponentPID i:nil="true"/><Visual z:Ref="i16"/><isFixedFrame>false</isFixedFrame><isIncomplete>false</isIncomplete></Link>
2023-02-10 16:08:12,323 INFO  AssemblyExportForm.cs: 309 - Saving URDF package to C:\wamp\www\demoline\CV材@T\cv13
2023-02-10 16:08:12,325 INFO  ExportHelper.cs: 147 - Beginning the export process
2023-02-10 16:08:12,328 INFO  ExportHelper.cs: 153 - Creating package directories with name cv13 and save path C:\wamp\www\demoline\CV材@T
2023-02-10 16:08:14,322 INFO  ExportHelper.cs: 162 - Creating CMakeLists.txt at C:\wamp\www\demoline\CV材@T\cv13\CMakeLists.txt
2023-02-10 16:08:14,330 INFO  ExportHelper.cs: 166 - Creating joint names config at C:\wamp\www\demoline\CV材@T\cv13\config\joint_names_cv13.yaml
2023-02-10 16:08:14,331 INFO  ExportHelper.cs: 170 - Creating package.xml at C:\wamp\www\demoline\CV材@T\cv13\package.xml
2023-02-10 16:08:14,331 INFO  PackageXMLWriter.cs: 21 - Creating package.xml at C:\wamp\www\demoline\CV材@T\cv13\package.xml
2023-02-10 16:08:14,334 INFO  ExportHelper.cs: 177 - Creating RVIZ launch file in C:\wamp\www\demoline\CV材@T\cv13\launch\
2023-02-10 16:08:14,336 INFO  ExportHelper.cs: 182 - Creating Gazebo launch file in C:\wamp\www\demoline\CV材@T\cv13\launch\
2023-02-10 16:08:14,337 INFO  ExportHelper.cs: 187 - Saving existing STL preferences
2023-02-10 16:08:14,338 INFO  ExportHelper.cs: 450 - Saving users preferences
2023-02-10 16:08:14,339 INFO  ExportHelper.cs: 190 - Modifying STL preferences
2023-02-10 16:08:14,339 INFO  ExportHelper.cs: 464 - Setting STL preferences
2023-02-10 16:08:14,408 INFO  ExportHelper.cs: 196 - Found 0 hidden components 
2023-02-10 16:08:14,410 INFO  ExportHelper.cs: 197 - Hiding all components
2023-02-10 16:08:15,210 INFO  ExportHelper.cs: 204 - Beginning individual files export
2023-02-10 16:08:15,226 INFO  ExportHelper.cs: 270 - Exporting link: base_link
2023-02-10 16:08:15,227 INFO  ExportHelper.cs: 272 - Link base_link has 0 children
2023-02-10 16:08:15,228 INFO  ExportHelper.cs: 317 - base_link: Exporting STL with coordinate frame Origin_global
2023-02-10 16:08:15,228 INFO  ExportHelper.cs: 322 - base_link: Reference geometry name 
2023-02-10 16:08:15,480 INFO  ExportHelper.cs: 330 - Saving STL to C:\wamp\www\demoline\CV材@T\cv13\meshes\base_link.STL
2023-02-10 16:08:17,075 INFO  ExportHelper.cs: 405 - Removing SW header in STL file
2023-02-10 16:08:17,076 INFO  ExportHelper.cs: 145 - Showing all components except previously hidden components
2023-02-10 16:08:17,472 INFO  ExportHelper.cs: 145 - Resetting STL preferences
2023-02-10 16:08:17,473 INFO  ExportHelper.cs: 478 - Returning STL preferences to user preferences
2023-02-10 16:08:17,474 INFO  ExportHelper.cs: 228 - Writing URDF file to C:\wamp\www\demoline\CV材@T\cv13\urdf\cv13.urdf
2023-02-10 16:08:17,478 INFO  CSVImportExport.cs: 32 - Writing CSV file C:\wamp\www\demoline\CV材@T\cv13\urdf\cv13.csv
2023-02-10 16:08:17,498 ERROR CSVImportExport.cs: 130 - The following columns were not written to the CSV: Link.Joint.ChildLink.link,
2023-02-10 16:08:17,499 INFO  ExportHelper.cs: 234 - Copying log file
2023-02-10 16:08:17,502 INFO  ExportHelper.cs: 439 - Copying C:\Users\user\sw2urdf_logs\sw2urdf.log to C:\wamp\www\demoline\CV材@T\cv13\export.log
