2023-02-10 16:10:06,296 INFO  Logger.cs: 70 - 
--------------------------------------------------------------------------------
2023-02-10 16:10:06,346 INFO  Logger.cs: 71 - Logging commencing for SW2URDF exporter
2023-02-10 16:10:06,348 INFO  Logger.cs: 73 - Commit version 1.6.0-4-g7f85cfe
2023-02-10 16:10:06,348 INFO  Logger.cs: 74 - Build version 1.6.7995.38578
2023-02-10 16:10:06,366 INFO  SwAddin.cs: 192 - Attempting to connect to SW
2023-02-10 16:10:06,367 INFO  SwAddin.cs: 197 - Setting up callbacks
2023-02-10 16:10:06,368 INFO  SwAddin.cs: 201 - Setting up command manager
2023-02-10 16:10:06,369 INFO  SwAddin.cs: 204 - Adding command manager
2023-02-10 16:10:06,374 INFO  SwAddin.cs: 263 - Adding Assembly export to file menu
2023-02-10 16:10:06,376 INFO  SwAddin.cs: 272 - Adding Part export to file menu
2023-02-10 16:10:06,377 INFO  SwAddin.cs: 210 - Adding event handlers
2023-02-10 16:10:06,567 INFO  SwAddin.cs: 217 - Connecting plugin to SolidWorks
2023-02-10 16:15:55,505 INFO  SwAddin.cs: 294 - Assembly export called for file TMPoê飑钞y虏て.SLDASM
2023-02-10 16:15:55,506 INFO  SwAddin.cs: 299 - Save is required
2023-02-10 16:15:55,507 INFO  SwAddin.cs: 313 - Saving assembly
2023-02-10 16:15:55,768 INFO  SwAddin.cs: 316 - Opening property manager
2023-02-10 16:15:55,777 INFO  ExportHelperExtension.cs: 1125 - Retrieving features of type [CoordSys] from TMPoê飑钞y虏て.SLDASM
2023-02-10 16:15:55,815 INFO  ExportHelperExtension.cs: 1136 - Found 20 in TMPoê飑钞y虏て.SLDASM
2023-02-10 16:15:55,816 INFO  ExportHelperExtension.cs: 1145 - Found 0 features of type [CoordSys] in TMPoê飑钞y虏て.SLDASM
2023-02-10 16:15:55,816 INFO  ExportHelperExtension.cs: 1148 - Proceeding through assembly components
2023-02-10 16:15:55,817 INFO  ExportHelperExtension.cs: 1160 - 1 components to check
2023-02-10 16:15:55,818 INFO  ExportHelperExtension.cs: 1125 - Retrieving features of type [CoordSys] from 1101CAAK-liteV1.STEP-1
2023-02-10 16:15:55,819 INFO  ExportHelperExtension.cs: 1136 - Found 30 in 1101CAAK-liteV1.STEP-1
2023-02-10 16:15:55,820 INFO  ExportHelperExtension.cs: 1145 - Found 0 features of type [CoordSys] in 1101CAAK-liteV1.STEP-1
2023-02-10 16:15:55,820 INFO  ExportHelperExtension.cs: 1125 - Retrieving features of type [RefAxis] from TMPoê飑钞y虏て.SLDASM
2023-02-10 16:15:55,821 INFO  ExportHelperExtension.cs: 1136 - Found 20 in TMPoê飑钞y虏て.SLDASM
2023-02-10 16:15:55,821 INFO  ExportHelperExtension.cs: 1145 - Found 0 features of type [RefAxis] in TMPoê飑钞y虏て.SLDASM
2023-02-10 16:15:55,822 INFO  ExportHelperExtension.cs: 1148 - Proceeding through assembly components
2023-02-10 16:15:55,822 INFO  ExportHelperExtension.cs: 1160 - 1 components to check
2023-02-10 16:15:55,823 INFO  ExportHelperExtension.cs: 1125 - Retrieving features of type [RefAxis] from 1101CAAK-liteV1.STEP-1
2023-02-10 16:15:55,823 INFO  ExportHelperExtension.cs: 1136 - Found 30 in 1101CAAK-liteV1.STEP-1
2023-02-10 16:15:55,824 INFO  ExportHelperExtension.cs: 1145 - Found 0 features of type [RefAxis] in 1101CAAK-liteV1.STEP-1
2023-02-10 16:15:55,982 INFO  SwAddin.cs: 339 - Loading config tree
2023-02-10 16:15:55,986 INFO  ExportPropertyManagerExtension.cs: 520 - Starting new configuration
2023-02-10 16:15:55,989 INFO  SwAddin.cs: 344 - Showing property manager
2023-02-10 16:16:04,075 INFO  ExportPropertyManager.cs: 422 - Configuration saved
2023-02-10 16:16:08,429 INFO  ExportHelperExtension.cs: 1125 - Retrieving features of type [CoordSys] from TMPoê飑钞y虏て.SLDASM
2023-02-10 16:16:08,430 INFO  ExportHelperExtension.cs: 1136 - Found 23 in TMPoê飑钞y虏て.SLDASM
2023-02-10 16:16:08,431 INFO  ExportHelperExtension.cs: 1145 - Found 1 features of type [CoordSys] in TMPoê飑钞y虏て.SLDASM
2023-02-10 16:16:08,431 INFO  ExportHelperExtension.cs: 1148 - Proceeding through assembly components
2023-02-10 16:16:08,432 INFO  ExportHelperExtension.cs: 1160 - 1 components to check
2023-02-10 16:16:08,432 INFO  ExportHelperExtension.cs: 1125 - Retrieving features of type [CoordSys] from 1101CAAK-liteV1.STEP-1
2023-02-10 16:16:08,433 INFO  ExportHelperExtension.cs: 1136 - Found 30 in 1101CAAK-liteV1.STEP-1
2023-02-10 16:16:08,433 INFO  ExportHelperExtension.cs: 1145 - Found 0 features of type [CoordSys] in 1101CAAK-liteV1.STEP-1
2023-02-10 16:16:08,434 INFO  ExportHelperExtension.cs: 1125 - Retrieving features of type [RefAxis] from TMPoê飑钞y虏て.SLDASM
2023-02-10 16:16:08,434 INFO  ExportHelperExtension.cs: 1136 - Found 23 in TMPoê飑钞y虏て.SLDASM
2023-02-10 16:16:08,434 INFO  ExportHelperExtension.cs: 1145 - Found 0 features of type [RefAxis] in TMPoê飑钞y虏て.SLDASM
2023-02-10 16:16:08,434 INFO  ExportHelperExtension.cs: 1148 - Proceeding through assembly components
2023-02-10 16:16:08,434 INFO  ExportHelperExtension.cs: 1160 - 1 components to check
2023-02-10 16:16:08,435 INFO  ExportHelperExtension.cs: 1125 - Retrieving features of type [RefAxis] from 1101CAAK-liteV1.STEP-1
2023-02-10 16:16:08,435 INFO  ExportHelperExtension.cs: 1136 - Found 30 in 1101CAAK-liteV1.STEP-1
2023-02-10 16:16:08,435 INFO  ExportHelperExtension.cs: 1145 - Found 0 features of type [RefAxis] in 1101CAAK-liteV1.STEP-1
2023-02-10 16:16:08,473 INFO  ExportPropertyManager.cs: 1142 - AfterClose called. This method no longer throws an Exception. It just silently does nothing. Ok, except for this logging message
2023-02-10 16:16:11,863 INFO  AssemblyExportForm.cs: 253 - Completing URDF export
2023-02-10 16:16:11,867 INFO  ConfigurationSerialization.cs: 276 - URDF Configuration found
<Link z:Id="i1" xmlns="http://schemas.datacontract.org/2004/07/SW2URDF" xmlns:i="http://www.w3.org/2001/XMLSchema-instance" xmlns:z="http://schemas.microsoft.com/2003/10/Serialization/"><Attributes><Attribute z:Id="i2"><AttributeType>name</AttributeType><IsRequired>true</IsRequired><Value i:type="a:string" xmlns:a="http://www.w3.org/2001/XMLSchema">base_link</Value></Attribute></Attributes><ChildElements><URDFElement z:Id="i3" i:type="Inertial"><Attributes/><ChildElements><URDFElement z:Id="i4" i:type="Origin"><Attributes><Attribute z:Id="i5"><AttributeType>xyz</AttributeType><IsRequired>true</IsRequired><Value i:type="a:ArrayOfdouble" xmlns:a="http://schemas.microsoft.com/2003/10/Serialization/Arrays"><a:double>0</a:double><a:double>0</a:double><a:double>0</a:double></Value></Attribute><Attribute z:Id="i6"><AttributeType>rpy</AttributeType><IsRequired>true</IsRequired><Value i:type="a:ArrayOfdouble" xmlns:a="http://schemas.microsoft.com/2003/10/Serialization/Arrays"><a:double>0</a:double><a:double>0</a:double><a:double>0</a:double></Value></Attribute></Attributes><ChildElements/><ElementName>origin</ElementName><required>false</required><RPYAttribute z:Ref="i6"/><XYZAttribute z:Ref="i5"/><isCustomized>false</isCustomized></URDFElement><URDFElement z:Id="i7" i:type="Mass"><Attributes><Attribute z:Id="i8"><AttributeType>value</AttributeType><IsRequired>true</IsRequired><Value i:type="a:double" xmlns:a="http://www.w3.org/2001/XMLSchema">0</Value></Attribute></Attributes><ChildElements/><ElementName>mass</ElementName><required>false</required><ValueAttribute z:Ref="i8"/></URDFElement><URDFElement z:Id="i9" i:type="Inertia"><Attributes><Attribute z:Id="i10"><AttributeType>ixx</AttributeType><IsRequired>true</IsRequired><Value i:type="a:double" xmlns:a="http://www.w3.org/2001/XMLSchema">0</Value></Attribute><Attribute z:Id="i11"><AttributeType>ixy</AttributeType><IsRequired>true</IsRequired><Value i:type="a:double" xmlns:a="http://www.w3.org/2001/XMLSchema">0</Value></Attribute><Attribute z:Id="i12"><AttributeType>ixz</AttributeType><IsRequired>true</IsRequired><Value i:type="a:double" xmlns:a="http://www.w3.org/2001/XMLSchema">0</Value></Attribute><Attribute z:Id="i13"><AttributeType>iyy</AttributeType><IsRequired>true</IsRequired><Value i:type="a:double" xmlns:a="http://www.w3.org/2001/XMLSchema">0</Value></Attribute><Attribute z:Id="i14"><AttributeType>iyz</AttributeType><IsRequired>true</IsRequired><Value i:type="a:double" xmlns:a="http://www.w3.org/2001/XMLSchema">0</Value></Attribute><Attribute z:Id="i15"><AttributeType>izz</AttributeType><IsRequired>true</IsRequired><Value i:type="a:double" xmlns:a="http://www.w3.org/2001/XMLSchema">0</Value></Attribute></Attributes><ChildElements/><ElementName>inertia</ElementName><required>false</required><IxxAttribute z:Ref="i10"/><IxyAttribute z:Ref="i11"/><IxzAttribute z:Ref="i12"/><IyyAttribute z:Ref="i13"/><IyzAttribute z:Ref="i14"/><IzzAttribute z:Ref="i15"/></URDFElement></ChildElements><ElementName>inertial</ElementName><required>false</required><Inertia z:Ref="i9"/><Mass z:Ref="i7"/><Origin z:Ref="i4"/></URDFElement><URDFElement z:Id="i16" i:type="Visual"><Attributes/><ChildElements><URDFElement z:Id="i17" i:type="Origin"><Attributes><Attribute z:Id="i18"><AttributeType>xyz</AttributeType><IsRequired>true</IsRequired><Value i:type="a:ArrayOfdouble" xmlns:a="http://schemas.microsoft.com/2003/10/Serialization/Arrays"><a:double>0</a:double><a:double>0</a:double><a:double>0</a:double></Value></Attribute><Attribute z:Id="i19"><AttributeType>rpy</AttributeType><IsRequired>true</IsRequired><Value i:type="a:ArrayOfdouble" xmlns:a="http://schemas.microsoft.com/2003/10/Serialization/Arrays"><a:double>0</a:double><a:double>0</a:double><a:double>0</a:double></Value></Attribute></Attributes><ChildElements/><ElementName>origin</ElementName><required>false</required><RPYAttribute z:Ref="i19"/><XYZAttribute z:Ref="i18"/><isCustomized>false</isCustomized></URDFElement><URDFElement z:Id="i20" i:type="Geometry"><Attributes/><ChildElements><URDFElement z:Id="i21" i:type="Mesh"><Attributes><Attribute z:Id="i22"><AttributeType>filename</AttributeType><IsRequired>true</IsRequired><Value i:nil="true"/></Attribute></Attributes><ChildElements/><ElementName>mesh</ElementName><required>false</required><FilenameAttribute z:Ref="i22"/></URDFElement></ChildElements><ElementName>geometry</ElementName><required>true</required><Mesh z:Ref="i21"/></URDFElement><URDFElement z:Id="i23" i:type="Material"><Attributes><Attribute z:Id="i24"><AttributeType>name</AttributeType><IsRequired>true</IsRequired><Value i:type="a:string" xmlns:a="http://www.w3.org/2001/XMLSchema"/></Attribute></Attributes><ChildElements><URDFElement z:Id="i25" i:type="Color"><Attributes><Attribute z:Id="i26"><AttributeType>rgba</AttributeType><IsRequired>true</IsRequired><Value i:type="a:ArrayOfdouble" xmlns:a="http://schemas.microsoft.com/2003/10/Serialization/Arrays"><a:double>1</a:double><a:double>1</a:double><a:double>1</a:double><a:double>1</a:double></Value></Attribute></Attributes><ChildElements/><ElementName>color</ElementName><required>false</required><RGBAAttribute z:Ref="i26"/></URDFElement><URDFElement z:Id="i27" i:type="Texture"><Attributes><Attribute z:Id="i28"><AttributeType>filename</AttributeType><IsRequired>true</IsRequired><Value i:nil="true"/></Attribute></Attributes><ChildElements/><ElementName>texture</ElementName><required>false</required><FilenameAttribute z:Ref="i28"/><wFilename/></URDFElement></ChildElements><ElementName>material</ElementName><required>false</required><Color z:Ref="i25"/><NameAttribute z:Ref="i24"/><Texture z:Ref="i27"/></URDFElement></ChildElements><ElementName>visual</ElementName><required>false</required><Geometry z:Ref="i20"/><Material z:Ref="i23"/><Origin z:Ref="i17"/></URDFElement><URDFElement z:Id="i29" i:type="Collision"><Attributes/><ChildElements><URDFElement z:Id="i30" i:type="Origin"><Attributes><Attribute z:Id="i31"><AttributeType>xyz</AttributeType><IsRequired>true</IsRequired><Value i:type="a:ArrayOfdouble" xmlns:a="http://schemas.microsoft.com/2003/10/Serialization/Arrays"><a:double>0</a:double><a:double>0</a:double><a:double>0</a:double></Value></Attribute><Attribute z:Id="i32"><AttributeType>rpy</AttributeType><IsRequired>true</IsRequired><Value i:type="a:ArrayOfdouble" xmlns:a="http://schemas.microsoft.com/2003/10/Serialization/Arrays"><a:double>0</a:double><a:double>0</a:double><a:double>0</a:double></Value></Attribute></Attributes><ChildElements/><ElementName>origin</ElementName><required>false</required><RPYAttribute z:Ref="i32"/><XYZAttribute z:Ref="i31"/><isCustomized>false</isCustomized></URDFElement><URDFElement z:Id="i33" i:type="Geometry"><Attributes/><ChildElements><URDFElement z:Id="i34" i:type="Mesh"><Attributes><Attribute z:Id="i35"><AttributeType>filename</AttributeType><IsRequired>true</IsRequired><Value i:nil="true"/></Attribute></Attributes><ChildElements/><ElementName>mesh</ElementName><required>false</required><FilenameAttribute z:Ref="i35"/></URDFElement></ChildElements><ElementName>geometry</ElementName><required>true</required><Mesh z:Ref="i34"/></URDFElement></ChildElements><ElementName>collision</ElementName><required>false</required><Geometry z:Ref="i33"/><Origin z:Ref="i30"/></URDFElement><URDFElement z:Id="i36" i:type="Joint"><Attributes><Attribute z:Id="i37"><AttributeType>name</AttributeType><IsRequired>true</IsRequired><Value i:type="a:string" xmlns:a="http://www.w3.org/2001/XMLSchema"/></Attribute><Attribute z:Id="i38"><AttributeType>type</AttributeType><IsRequired>true</IsRequired><Value i:type="a:string" xmlns:a="http://www.w3.org/2001/XMLSchema"/></Attribute></Attributes><ChildElements><URDFElement z:Id="i39" i:type="Origin"><Attributes><Attribute z:Id="i40"><AttributeType>xyz</AttributeType><IsRequired>true</IsRequired><Value i:type="a:ArrayOfdouble" xmlns:a="http://schemas.microsoft.com/2003/10/Serialization/Arrays"><a:double>0</a:double><a:double>0</a:double><a:double>0</a:double></Value></Attribute><Attribute z:Id="i41"><AttributeType>rpy</AttributeType><IsRequired>true</IsRequired><Value i:type="a:ArrayOfdouble" xmlns:a="http://schemas.microsoft.com/2003/10/Serialization/Arrays"><a:double>0</a:double><a:double>0</a:double><a:double>0</a:double></Value></Attribute></Attributes><ChildElements/><ElementName>origin</ElementName><required>false</required><RPYAttribute z:Ref="i41"/><XYZAttribute z:Ref="i40"/><isCustomized>false</isCustomized></URDFElement><URDFElement z:Id="i42" i:type="ParentLink"><Attributes><Attribute z:Id="i43"><AttributeType>link</AttributeType><IsRequired>true</IsRequired><Value i:type="a:string" xmlns:a="http://www.w3.org/2001/XMLSchema"/></Attribute></Attributes><ChildElements/><ElementName>parent</ElementName><required>true</required><NameAttribute z:Ref="i43"/></URDFElement><URDFElement z:Id="i44" i:type="ChildLink"><Attributes><Attribute z:Id="i45"><AttributeType>link</AttributeType><IsRequired>true</IsRequired><Value i:type="a:string" xmlns:a="http://www.w3.org/2001/XMLSchema"/></Attribute></Attributes><ChildElements/><ElementName>child</ElementName><required>true</required><NameAttribute z:Ref="i45"/></URDFElement><URDFElement z:Id="i46" i:type="Axis"><Attributes><Attribute z:Id="i47"><AttributeType>xyz</AttributeType><IsRequired>true</IsRequired><Value i:type="a:ArrayOfdouble" xmlns:a="http://schemas.microsoft.com/2003/10/Serialization/Arrays"><a:double>0</a:double><a:double>0</a:double><a:double>0</a:double></Value></Attribute></Attributes><ChildElements/><ElementName>axis</ElementName><required>false</required><XYZAttribute z:Ref="i47"/></URDFElement><URDFElement z:Id="i48" i:type="Limit"><Attributes><Attribute z:Id="i49"><AttributeType>lower</AttributeType><IsRequired>false</IsRequired><Value i:nil="true"/></Attribute><Attribute z:Id="i50"><AttributeType>upper</AttributeType><IsRequired>false</IsRequired><Value i:nil="true"/></Attribute><Attribute z:Id="i51"><AttributeType>effort</AttributeType><IsRequired>true</IsRequired><Value i:nil="true"/></Attribute><Attribute z:Id="i52"><AttributeType>velocity</AttributeType><IsRequired>true</IsRequired><Value i:nil="true"/></Attribute></Attributes><ChildElements/><ElementName>limit</ElementName><required>false</required><EffortAttribute z:Ref="i51"/><LowerAttribute z:Ref="i49"/><UpperAttribute z:Ref="i50"/><VelocityAttribute z:Ref="i52"/></URDFElement><URDFElement z:Id="i53" i:type="Calibration"><Attributes><Attribute z:Id="i54"><AttributeType>rising</AttributeType><IsRequired>false</IsRequired><Value i:nil="true"/></Attribute><Attribute z:Id="i55"><AttributeType>falling</AttributeType><IsRequired>false</IsRequired><Value i:nil="true"/></Attribute></Attributes><ChildElements/><ElementName>calibration</ElementName><required>false</required><FallingAttribute z:Ref="i55"/><RisingAttribute z:Ref="i54"/></URDFElement><URDFElement z:Id="i56" i:type="Dynamics"><Attributes><Attribute z:Id="i57"><AttributeType>damping</AttributeType><IsRequired>false</IsRequired><Value i:nil="true"/></Attribute><Attribute z:Id="i58"><AttributeType>friction</AttributeType><IsRequired>false</IsRequired><Value i:nil="true"/></Attribute></Attributes><ChildElements/><ElementName>dynamics</ElementName><required>false</required><DampingAttribute z:Ref="i57"/><FrictionAttribute z:Ref="i58"/></URDFElement><URDFElement z:Id="i59" i:type="SafetyController"><Attributes><Attribute z:Id="i60"><AttributeType>soft_upper_limit</AttributeType><IsRequired>false</IsRequired><Value i:nil="true"/></Attribute><Attribute z:Id="i61"><AttributeType>soft_lower_limit</AttributeType><IsRequired>false</IsRequired><Value i:nil="true"/></Attribute><Attribute z:Id="i62"><AttributeType>k_position</AttributeType><IsRequired>false</IsRequired><Value i:nil="true"/></Attribute><Attribute z:Id="i63"><AttributeType>k_velocity</AttributeType><IsRequired>true</IsRequired><Value i:nil="true"/></Attribute></Attributes><ChildElements/><ElementName>safety_controller</ElementName><required>false</required><KPositionAttribute z:Ref="i62"/><KVelocityAttribute z:Ref="i63"/><SoftLowerAttribute z:Ref="i61"/><SoftUpperAttribute z:Ref="i60"/></URDFElement><URDFElement z:Id="i64" i:type="Mimic"><Attributes><Attribute z:Id="i65"><AttributeType>joint</AttributeType><IsRequired>true</IsRequired><Value i:nil="true"/></Attribute><Attribute z:Id="i66"><AttributeType>multiplier</AttributeType><IsRequired>false</IsRequired><Value i:nil="true"/></Attribute><Attribute z:Id="i67"><AttributeType>offset</AttributeType><IsRequired>false</IsRequired><Value i:nil="true"/></Attribute></Attributes><ChildElements/><ElementName>mimic</ElementName><required>false</required><JointNameAttribute z:Ref="i65"/><MultiplierAttribute z:Ref="i66"/><OffsetAttribute z:Ref="i67"/></URDFElement></ChildElements><ElementName>joint</ElementName><required>false</required><Axis z:Ref="i46"/><AxisName/><Calibration z:Ref="i53"/><Child z:Ref="i44"/><CoordinateSystemName>Automatically Generate</CoordinateSystemName><Dynamics z:Ref="i56"/><Limit z:Ref="i48"/><Mimic z:Ref="i64"/><NameAttribute z:Ref="i37"/><Origin z:Ref="i39"/><Parent z:Ref="i42"/><Safety z:Ref="i59"/><TypeAttribute z:Ref="i38"/></URDFElement></ChildElements><ElementName>link</ElementName><required>true</required><Children/><Collision z:Ref="i29"/><Inertial z:Ref="i3"/><Joint z:Ref="i36"/><NameAttribute z:Ref="i2"/><Parent i:nil="true"/><STLQualityFine>false</STLQualityFine><SWComponentPIDs xmlns:a="http://schemas.microsoft.com/2003/10/Serialization/Arrays"><a:base64Binary>KCMAAAUAAAD//v8hMQAxADAAMQBDAEEAQQBLAC0AbABpAHQAZQBWADEALgBTAFQARQBQAC0AMQBAAFQATQAHgnx2o5DReZVep14hfBZTBAAAABAAAAABAAAAAQAAABUAAAA=</a:base64Binary></SWComponentPIDs><SWMainComponentPID i:nil="true"/><Visual z:Ref="i16"/><isFixedFrame>false</isFixedFrame><isIncomplete>false</isIncomplete></Link>
2023-02-10 16:17:32,537 INFO  AssemblyExportForm.cs: 309 - Saving URDF package to C:\wamp\www\demoline\TMPoê飑钞y虏て\TM_FANUC_BASE
2023-02-10 16:17:32,539 INFO  ExportHelper.cs: 147 - Beginning the export process
2023-02-10 16:17:32,541 INFO  ExportHelper.cs: 153 - Creating package directories with name TM_FANUC_BASE and save path C:\wamp\www\demoline\TMPoê飑钞y虏て
2023-02-10 16:17:34,186 INFO  ExportHelper.cs: 162 - Creating CMakeLists.txt at C:\wamp\www\demoline\TMPoê飑钞y虏て\TM_FANUC_BASE\CMakeLists.txt
2023-02-10 16:17:34,188 INFO  ExportHelper.cs: 166 - Creating joint names config at C:\wamp\www\demoline\TMPoê飑钞y虏て\TM_FANUC_BASE\config\joint_names_TM_FANUC_BASE.yaml
2023-02-10 16:17:34,189 INFO  ExportHelper.cs: 170 - Creating package.xml at C:\wamp\www\demoline\TMPoê飑钞y虏て\TM_FANUC_BASE\package.xml
2023-02-10 16:17:34,190 INFO  PackageXMLWriter.cs: 21 - Creating package.xml at C:\wamp\www\demoline\TMPoê飑钞y虏て\TM_FANUC_BASE\package.xml
2023-02-10 16:17:34,192 INFO  ExportHelper.cs: 177 - Creating RVIZ launch file in C:\wamp\www\demoline\TMPoê飑钞y虏て\TM_FANUC_BASE\launch\
2023-02-10 16:17:34,194 INFO  ExportHelper.cs: 182 - Creating Gazebo launch file in C:\wamp\www\demoline\TMPoê飑钞y虏て\TM_FANUC_BASE\launch\
2023-02-10 16:17:34,195 INFO  ExportHelper.cs: 187 - Saving existing STL preferences
2023-02-10 16:17:34,196 INFO  ExportHelper.cs: 450 - Saving users preferences
2023-02-10 16:17:34,197 INFO  ExportHelper.cs: 190 - Modifying STL preferences
2023-02-10 16:17:34,197 INFO  ExportHelper.cs: 464 - Setting STL preferences
2023-02-10 16:17:34,270 INFO  ExportHelper.cs: 196 - Found 0 hidden components 
2023-02-10 16:17:34,270 INFO  ExportHelper.cs: 197 - Hiding all components
2023-02-10 16:17:35,006 INFO  ExportHelper.cs: 204 - Beginning individual files export
2023-02-10 16:17:35,009 INFO  ExportHelper.cs: 270 - Exporting link: base_link
2023-02-10 16:17:35,010 INFO  ExportHelper.cs: 272 - Link base_link has 0 children
2023-02-10 16:17:35,011 INFO  ExportHelper.cs: 317 - base_link: Exporting STL with coordinate frame Origin_global
2023-02-10 16:17:35,011 INFO  ExportHelper.cs: 322 - base_link: Reference geometry name 
2023-02-10 16:17:35,089 INFO  ExportHelper.cs: 330 - Saving STL to C:\wamp\www\demoline\TMPoê飑钞y虏て\TM_FANUC_BASE\meshes\base_link.STL
2023-02-10 16:17:36,901 INFO  ExportHelper.cs: 405 - Removing SW header in STL file
2023-02-10 16:17:36,902 INFO  ExportHelper.cs: 145 - Showing all components except previously hidden components
2023-02-10 16:17:37,479 INFO  ExportHelper.cs: 145 - Resetting STL preferences
2023-02-10 16:17:37,480 INFO  ExportHelper.cs: 478 - Returning STL preferences to user preferences
2023-02-10 16:17:37,480 INFO  ExportHelper.cs: 228 - Writing URDF file to C:\wamp\www\demoline\TMPoê飑钞y虏て\TM_FANUC_BASE\urdf\TM_FANUC_BASE.urdf
2023-02-10 16:17:37,484 INFO  CSVImportExport.cs: 32 - Writing CSV file C:\wamp\www\demoline\TMPoê飑钞y虏て\TM_FANUC_BASE\urdf\TM_FANUC_BASE.csv
2023-02-10 16:17:37,506 ERROR CSVImportExport.cs: 130 - The following columns were not written to the CSV: Link.Joint.ChildLink.link,
2023-02-10 16:17:37,508 INFO  ExportHelper.cs: 234 - Copying log file
2023-02-10 16:17:37,512 INFO  ExportHelper.cs: 439 - Copying C:\Users\user\sw2urdf_logs\sw2urdf.log to C:\wamp\www\demoline\TMPoê飑钞y虏て\TM_FANUC_BASE\export.log
2023-02-10 16:17:37,517 INFO  ExportHelper.cs: 237 - Resetting STL preferences
2023-02-10 16:17:37,517 INFO  ExportHelper.cs: 478 - Returning STL preferences to user preferences
2023-02-10 16:20:08,798 INFO  SwAddin.cs: 294 - Assembly export called for file D北c.SLDASM
2023-02-10 16:20:10,187 INFO  SwAddin.cs: 313 - Saving assembly
2023-02-10 16:20:10,258 INFO  SwAddin.cs: 316 - Opening property manager
2023-02-10 16:20:10,258 INFO  ExportHelperExtension.cs: 1125 - Retrieving features of type [CoordSys] from D北c.SLDASM
2023-02-10 16:20:10,259 INFO  ExportHelperExtension.cs: 1136 - Found 23 in D北c.SLDASM
2023-02-10 16:20:10,259 INFO  ExportHelperExtension.cs: 1145 - Found 0 features of type [CoordSys] in D北c.SLDASM
2023-02-10 16:20:10,260 INFO  ExportHelperExtension.cs: 1148 - Proceeding through assembly components
2023-02-10 16:20:10,260 INFO  ExportHelperExtension.cs: 1160 - 4 components to check
2023-02-10 16:20:10,260 INFO  ExportHelperExtension.cs: 1125 - Retrieving features of type [CoordSys] from 1101CAANE02AA(q北c)-1
2023-02-10 16:20:10,261 INFO  ExportHelperExtension.cs: 1136 - Found 35 in 1101CAANE02AA(q北c)-1
2023-02-10 16:20:10,261 INFO  ExportHelperExtension.cs: 1145 - Found 0 features of type [CoordSys] in 1101CAANE02AA(q北c)-1
2023-02-10 16:20:10,262 INFO  ExportHelperExtension.cs: 1125 - Retrieving features of type [CoordSys] from 1101CAANE03AA(┏O)-1
2023-02-10 16:20:10,262 INFO  ExportHelperExtension.cs: 1136 - Found 19 in 1101CAANE03AA(┏O)-1
2023-02-10 16:20:10,263 INFO  ExportHelperExtension.cs: 1145 - Found 0 features of type [CoordSys] in 1101CAANE03AA(┏O)-1
2023-02-10 16:20:10,265 INFO  ExportHelperExtension.cs: 1125 - Retrieving features of type [CoordSys] from 1101CAANE04AA()-1
2023-02-10 16:20:10,295 INFO  ExportHelperExtension.cs: 1136 - Found 17 in 1101CAANE04AA()-1
2023-02-10 16:20:10,296 INFO  ExportHelperExtension.cs: 1145 - Found 0 features of type [CoordSys] in 1101CAANE04AA()-1
2023-02-10 16:20:10,296 INFO  ExportHelperExtension.cs: 1125 - Retrieving features of type [CoordSys] from 樊-1
2023-02-10 16:20:10,297 INFO  ExportHelperExtension.cs: 1136 - Found 17 in 樊-1
2023-02-10 16:20:10,297 INFO  ExportHelperExtension.cs: 1145 - Found 0 features of type [CoordSys] in 樊-1
2023-02-10 16:20:10,298 INFO  ExportHelperExtension.cs: 1125 - Retrieving features of type [RefAxis] from D北c.SLDASM
2023-02-10 16:20:10,298 INFO  ExportHelperExtension.cs: 1136 - Found 23 in D北c.SLDASM
2023-02-10 16:20:10,299 INFO  ExportHelperExtension.cs: 1145 - Found 0 features of type [RefAxis] in D北c.SLDASM
2023-02-10 16:20:10,299 INFO  ExportHelperExtension.cs: 1148 - Proceeding through assembly components
2023-02-10 16:20:10,299 INFO  ExportHelperExtension.cs: 1160 - 4 components to check
2023-02-10 16:20:10,300 INFO  ExportHelperExtension.cs: 1125 - Retrieving features of type [RefAxis] from 1101CAANE02AA(q北c)-1
2023-02-10 16:20:10,301 INFO  ExportHelperExtension.cs: 1136 - Found 35 in 1101CAANE02AA(q北c)-1
2023-02-10 16:20:10,302 INFO  ExportHelperExtension.cs: 1145 - Found 0 features of type [RefAxis] in 1101CAANE02AA(q北c)-1
2023-02-10 16:20:10,303 INFO  ExportHelperExtension.cs: 1125 - Retrieving features of type [RefAxis] from 1101CAANE03AA(┏O)-1
2023-02-10 16:20:10,304 INFO  ExportHelperExtension.cs: 1136 - Found 19 in 1101CAANE03AA(┏O)-1
2023-02-10 16:20:10,305 INFO  ExportHelperExtension.cs: 1145 - Found 0 features of type [RefAxis] in 1101CAANE03AA(┏O)-1
2023-02-10 16:20:10,306 INFO  ExportHelperExtension.cs: 1125 - Retrieving features of type [RefAxis] from 1101CAANE04AA()-1
2023-02-10 16:20:10,306 INFO  ExportHelperExtension.cs: 1136 - Found 17 in 1101CAANE04AA()-1
2023-02-10 16:20:10,306 INFO  ExportHelperExtension.cs: 1145 - Found 0 features of type [RefAxis] in 1101CAANE04AA()-1
2023-02-10 16:20:10,307 INFO  ExportHelperExtension.cs: 1125 - Retrieving features of type [RefAxis] from 樊-1
2023-02-10 16:20:10,307 INFO  ExportHelperExtension.cs: 1136 - Found 17 in 樊-1
2023-02-10 16:20:10,308 INFO  ExportHelperExtension.cs: 1145 - Found 0 features of type [RefAxis] in 樊-1
2023-02-10 16:20:10,407 INFO  SwAddin.cs: 339 - Loading config tree
2023-02-10 16:20:10,408 INFO  ExportPropertyManagerExtension.cs: 520 - Starting new configuration
2023-02-10 16:20:10,409 INFO  SwAddin.cs: 344 - Showing property manager
2023-02-10 16:20:15,486 INFO  ExportPropertyManager.cs: 422 - Configuration saved
2023-02-10 16:20:16,684 INFO  ExportHelperExtension.cs: 1125 - Retrieving features of type [CoordSys] from D北c.SLDASM
2023-02-10 16:20:16,685 INFO  ExportHelperExtension.cs: 1136 - Found 26 in D北c.SLDASM
2023-02-10 16:20:16,686 INFO  ExportHelperExtension.cs: 1145 - Found 1 features of type [CoordSys] in D北c.SLDASM
2023-02-10 16:20:16,686 INFO  ExportHelperExtension.cs: 1148 - Proceeding through assembly components
2023-02-10 16:20:16,686 INFO  ExportHelperExtension.cs: 1160 - 4 components to check
2023-02-10 16:20:16,686 INFO  ExportHelperExtension.cs: 1125 - Retrieving features of type [CoordSys] from 1101CAANE02AA(q北c)-1
2023-02-10 16:20:16,687 INFO  ExportHelperExtension.cs: 1136 - Found 35 in 1101CAANE02AA(q北c)-1
2023-02-10 16:20:16,687 INFO  ExportHelperExtension.cs: 1145 - Found 0 features of type [CoordSys] in 1101CAANE02AA(q北c)-1
2023-02-10 16:20:16,687 INFO  ExportHelperExtension.cs: 1125 - Retrieving features of type [CoordSys] from 1101CAANE03AA(┏O)-1
2023-02-10 16:20:16,688 INFO  ExportHelperExtension.cs: 1136 - Found 19 in 1101CAANE03AA(┏O)-1
2023-02-10 16:20:16,688 INFO  ExportHelperExtension.cs: 1145 - Found 0 features of type [CoordSys] in 1101CAANE03AA(┏O)-1
2023-02-10 16:20:16,688 INFO  ExportHelperExtension.cs: 1125 - Retrieving features of type [CoordSys] from 1101CAANE04AA()-1
2023-02-10 16:20:16,689 INFO  ExportHelperExtension.cs: 1136 - Found 17 in 1101CAANE04AA()-1
2023-02-10 16:20:16,689 INFO  ExportHelperExtension.cs: 1145 - Found 0 features of type [CoordSys] in 1101CAANE04AA()-1
2023-02-10 16:20:16,689 INFO  ExportHelperExtension.cs: 1125 - Retrieving features of type [CoordSys] from 樊-1
2023-02-10 16:20:16,689 INFO  ExportHelperExtension.cs: 1136 - Found 17 in 樊-1
2023-02-10 16:20:16,690 INFO  ExportHelperExtension.cs: 1145 - Found 0 features of type [CoordSys] in 樊-1
2023-02-10 16:20:16,690 INFO  ExportHelperExtension.cs: 1125 - Retrieving features of type [RefAxis] from D北c.SLDASM
2023-02-10 16:20:16,690 INFO  ExportHelperExtension.cs: 1136 - Found 26 in D北c.SLDASM
2023-02-10 16:20:16,691 INFO  ExportHelperExtension.cs: 1145 - Found 0 features of type [RefAxis] in D北c.SLDASM
2023-02-10 16:20:16,691 INFO  ExportHelperExtension.cs: 1148 - Proceeding through assembly components
2023-02-10 16:20:16,691 INFO  ExportHelperExtension.cs: 1160 - 4 components to check
2023-02-10 16:20:16,691 INFO  ExportHelperExtension.cs: 1125 - Retrieving features of type [RefAxis] from 1101CAANE02AA(q北c)-1
2023-02-10 16:20:16,692 INFO  ExportHelperExtension.cs: 1136 - Found 35 in 1101CAANE02AA(q北c)-1
2023-02-10 16:20:16,692 INFO  ExportHelperExtension.cs: 1145 - Found 0 features of type [RefAxis] in 1101CAANE02AA(q北c)-1
2023-02-10 16:20:16,692 INFO  ExportHelperExtension.cs: 1125 - Retrieving features of type [RefAxis] from 1101CAANE03AA(┏O)-1
2023-02-10 16:20:16,693 INFO  ExportHelperExtension.cs: 1136 - Found 19 in 1101CAANE03AA(┏O)-1
2023-02-10 16:20:16,693 INFO  ExportHelperExtension.cs: 1145 - Found 0 features of type [RefAxis] in 1101CAANE03AA(┏O)-1
2023-02-10 16:20:16,693 INFO  ExportHelperExtension.cs: 1125 - Retrieving features of type [RefAxis] from 1101CAANE04AA()-1
2023-02-10 16:20:16,694 INFO  ExportHelperExtension.cs: 1136 - Found 17 in 1101CAANE04AA()-1
2023-02-10 16:20:16,694 INFO  ExportHelperExtension.cs: 1145 - Found 0 features of type [RefAxis] in 1101CAANE04AA()-1
2023-02-10 16:20:16,694 INFO  ExportHelperExtension.cs: 1125 - Retrieving features of type [RefAxis] from 樊-1
2023-02-10 16:20:16,694 INFO  ExportHelperExtension.cs: 1136 - Found 17 in 樊-1
2023-02-10 16:20:16,695 INFO  ExportHelperExtension.cs: 1145 - Found 0 features of type [RefAxis] in 樊-1
2023-02-10 16:20:16,719 INFO  ExportPropertyManager.cs: 1142 - AfterClose called. This method no longer throws an Exception. It just silently does nothing. Ok, except for this logging message
2023-02-10 16:20:19,968 INFO  AssemblyExportForm.cs: 253 - Completing URDF export
2023-02-10 16:20:19,970 INFO  ConfigurationSerialization.cs: 276 - URDF Configuration found
<Link z:Id="i1" xmlns="http://schemas.datacontract.org/2004/07/SW2URDF" xmlns:i="http://www.w3.org/2001/XMLSchema-instance" xmlns:z="http://schemas.microsoft.com/2003/10/Serialization/"><Attributes><Attribute z:Id="i2"><AttributeType>name</AttributeType><IsRequired>true</IsRequired><Value i:type="a:string" xmlns:a="http://www.w3.org/2001/XMLSchema">base_link</Value></Attribute></Attributes><ChildElements><URDFElement z:Id="i3" i:type="Inertial"><Attributes/><ChildElements><URDFElement z:Id="i4" i:type="Origin"><Attributes><Attribute z:Id="i5"><AttributeType>xyz</AttributeType><IsRequired>true</IsRequired><Value i:type="a:ArrayOfdouble" xmlns:a="http://schemas.microsoft.com/2003/10/Serialization/Arrays"><a:double>0</a:double><a:double>0</a:double><a:double>0</a:double></Value></Attribute><Attribute z:Id="i6"><AttributeType>rpy</AttributeType><IsRequired>true</IsRequired><Value i:type="a:ArrayOfdouble" xmlns:a="http://schemas.microsoft.com/2003/10/Serialization/Arrays"><a:double>0</a:double><a:double>0</a:double><a:double>0</a:double></Value></Attribute></Attributes><ChildElements/><ElementName>origin</ElementName><required>false</required><RPYAttribute z:Ref="i6"/><XYZAttribute z:Ref="i5"/><isCustomized>false</isCustomized></URDFElement><URDFElement z:Id="i7" i:type="Mass"><Attributes><Attribute z:Id="i8"><AttributeType>value</AttributeType><IsRequired>true</IsRequired><Value i:type="a:double" xmlns:a="http://www.w3.org/2001/XMLSchema">0</Value></Attribute></Attributes><ChildElements/><ElementName>mass</ElementName><required>false</required><ValueAttribute z:Ref="i8"/></URDFElement><URDFElement z:Id="i9" i:type="Inertia"><Attributes><Attribute z:Id="i10"><AttributeType>ixx</AttributeType><IsRequired>true</IsRequired><Value i:type="a:double" xmlns:a="http://www.w3.org/2001/XMLSchema">0</Value></Attribute><Attribute z:Id="i11"><AttributeType>ixy</AttributeType><IsRequired>true</IsRequired><Value i:type="a:double" xmlns:a="http://www.w3.org/2001/XMLSchema">0</Value></Attribute><Attribute z:Id="i12"><AttributeType>ixz</AttributeType><IsRequired>true</IsRequired><Value i:type="a:double" xmlns:a="http://www.w3.org/2001/XMLSchema">0</Value></Attribute><Attribute z:Id="i13"><AttributeType>iyy</AttributeType><IsRequired>true</IsRequired><Value i:type="a:double" xmlns:a="http://www.w3.org/2001/XMLSchema">0</Value></Attribute><Attribute z:Id="i14"><AttributeType>iyz</AttributeType><IsRequired>true</IsRequired><Value i:type="a:double" xmlns:a="http://www.w3.org/2001/XMLSchema">0</Value></Attribute><Attribute z:Id="i15"><AttributeType>izz</AttributeType><IsRequired>true</IsRequired><Value i:type="a:double" xmlns:a="http://www.w3.org/2001/XMLSchema">0</Value></Attribute></Attributes><ChildElements/><ElementName>inertia</ElementName><required>false</required><IxxAttribute z:Ref="i10"/><IxyAttribute z:Ref="i11"/><IxzAttribute z:Ref="i12"/><IyyAttribute z:Ref="i13"/><IyzAttribute z:Ref="i14"/><IzzAttribute z:Ref="i15"/></URDFElement></ChildElements><ElementName>inertial</ElementName><required>false</required><Inertia z:Ref="i9"/><Mass z:Ref="i7"/><Origin z:Ref="i4"/></URDFElement><URDFElement z:Id="i16" i:type="Visual"><Attributes/><ChildElements><URDFElement z:Id="i17" i:type="Origin"><Attributes><Attribute z:Id="i18"><AttributeType>xyz</AttributeType><IsRequired>true</IsRequired><Value i:type="a:ArrayOfdouble" xmlns:a="http://schemas.microsoft.com/2003/10/Serialization/Arrays"><a:double>0</a:double><a:double>0</a:double><a:double>0</a:double></Value></Attribute><Attribute z:Id="i19"><AttributeType>rpy</AttributeType><IsRequired>true</IsRequired><Value i:type="a:ArrayOfdouble" xmlns:a="http://schemas.microsoft.com/2003/10/Serialization/Arrays"><a:double>0</a:double><a:double>0</a:double><a:double>0</a:double></Value></Attribute></Attributes><ChildElements/><ElementName>origin</ElementName><required>false</required><RPYAttribute z:Ref="i19"/><XYZAttribute z:Ref="i18"/><isCustomized>false</isCustomized></URDFElement><URDFElement z:Id="i20" i:type="Geometry"><Attributes/><ChildElements><URDFElement z:Id="i21" i:type="Mesh"><Attributes><Attribute z:Id="i22"><AttributeType>filename</AttributeType><IsRequired>true</IsRequired><Value i:nil="true"/></Attribute></Attributes><ChildElements/><ElementName>mesh</ElementName><required>false</required><FilenameAttribute z:Ref="i22"/></URDFElement></ChildElements><ElementName>geometry</ElementName><required>true</required><Mesh z:Ref="i21"/></URDFElement><URDFElement z:Id="i23" i:type="Material"><Attributes><Attribute z:Id="i24"><AttributeType>name</AttributeType><IsRequired>true</IsRequired><Value i:type="a:string" xmlns:a="http://www.w3.org/2001/XMLSchema"/></Attribute></Attributes><ChildElements><URDFElement z:Id="i25" i:type="Color"><Attributes><Attribute z:Id="i26"><AttributeType>rgba</AttributeType><IsRequired>true</IsRequired><Value i:type="a:ArrayOfdouble" xmlns:a="http://schemas.microsoft.com/2003/10/Serialization/Arrays"><a:double>1</a:double><a:double>1</a:double><a:double>1</a:double><a:double>1</a:double></Value></Attribute></Attributes><ChildElements/><ElementName>color</ElementName><required>false</required><RGBAAttribute z:Ref="i26"/></URDFElement><URDFElement z:Id="i27" i:type="Texture"><Attributes><Attribute z:Id="i28"><AttributeType>filename</AttributeType><IsRequired>true</IsRequired><Value i:nil="true"/></Attribute></Attributes><ChildElements/><ElementName>texture</ElementName><required>false</required><FilenameAttribute z:Ref="i28"/><wFilename/></URDFElement></ChildElements><ElementName>material</ElementName><required>false</required><Color z:Ref="i25"/><NameAttribute z:Ref="i24"/><Texture z:Ref="i27"/></URDFElement></ChildElements><ElementName>visual</ElementName><required>false</required><Geometry z:Ref="i20"/><Material z:Ref="i23"/><Origin z:Ref="i17"/></URDFElement><URDFElement z:Id="i29" i:type="Collision"><Attributes/><ChildElements><URDFElement z:Id="i30" i:type="Origin"><Attributes><Attribute z:Id="i31"><AttributeType>xyz</AttributeType><IsRequired>true</IsRequired><Value i:type="a:ArrayOfdouble" xmlns:a="http://schemas.microsoft.com/2003/10/Serialization/Arrays"><a:double>0</a:double><a:double>0</a:double><a:double>0</a:double></Value></Attribute><Attribute z:Id="i32"><AttributeType>rpy</AttributeType><IsRequired>true</IsRequired><Value i:type="a:ArrayOfdouble" xmlns:a="http://schemas.microsoft.com/2003/10/Serialization/Arrays"><a:double>0</a:double><a:double>0</a:double><a:double>0</a:double></Value></Attribute></Attributes><ChildElements/><ElementName>origin</ElementName><required>false</required><RPYAttribute z:Ref="i32"/><XYZAttribute z:Ref="i31"/><isCustomized>false</isCustomized></URDFElement><URDFElement z:Id="i33" i:type="Geometry"><Attributes/><ChildElements><URDFElement z:Id="i34" i:type="Mesh"><Attributes><Attribute z:Id="i35"><AttributeType>filename</AttributeType><IsRequired>true</IsRequired><Value i:nil="true"/></Attribute></Attributes><ChildElements/><ElementName>mesh</ElementName><required>false</required><FilenameAttribute z:Ref="i35"/></URDFElement></ChildElements><ElementName>geometry</ElementName><required>true</required><Mesh z:Ref="i34"/></URDFElement></ChildElements><ElementName>collision</ElementName><required>false</required><Geometry z:Ref="i33"/><Origin z:Ref="i30"/></URDFElement><URDFElement z:Id="i36" i:type="Joint"><Attributes><Attribute z:Id="i37"><AttributeType>name</AttributeType><IsRequired>true</IsRequired><Value i:type="a:string" xmlns:a="http://www.w3.org/2001/XMLSchema"/></Attribute><Attribute z:Id="i38"><AttributeType>type</AttributeType><IsRequired>true</IsRequired><Value i:type="a:string" xmlns:a="http://www.w3.org/2001/XMLSchema"/></Attribute></Attributes><ChildElements><URDFElement z:Id="i39" i:type="Origin"><Attributes><Attribute z:Id="i40"><AttributeType>xyz</AttributeType><IsRequired>true</IsRequired><Value i:type="a:ArrayOfdouble" xmlns:a="http://schemas.microsoft.com/2003/10/Serialization/Arrays"><a:double>0</a:double><a:double>0</a:double><a:double>0</a:double></Value></Attribute><Attribute z:Id="i41"><AttributeType>rpy</AttributeType><IsRequired>true</IsRequired><Value i:type="a:ArrayOfdouble" xmlns:a="http://schemas.microsoft.com/2003/10/Serialization/Arrays"><a:double>0</a:double><a:double>0</a:double><a:double>0</a:double></Value></Attribute></Attributes><ChildElements/><ElementName>origin</ElementName><required>false</required><RPYAttribute z:Ref="i41"/><XYZAttribute z:Ref="i40"/><isCustomized>false</isCustomized></URDFElement><URDFElement z:Id="i42" i:type="ParentLink"><Attributes><Attribute z:Id="i43"><AttributeType>link</AttributeType><IsRequired>true</IsRequired><Value i:type="a:string" xmlns:a="http://www.w3.org/2001/XMLSchema"/></Attribute></Attributes><ChildElements/><ElementName>parent</ElementName><required>true</required><NameAttribute z:Ref="i43"/></URDFElement><URDFElement z:Id="i44" i:type="ChildLink"><Attributes><Attribute z:Id="i45"><AttributeType>link</AttributeType><IsRequired>true</IsRequired><Value i:type="a:string" xmlns:a="http://www.w3.org/2001/XMLSchema"/></Attribute></Attributes><ChildElements/><ElementName>child</ElementName><required>true</required><NameAttribute z:Ref="i45"/></URDFElement><URDFElement z:Id="i46" i:type="Axis"><Attributes><Attribute z:Id="i47"><AttributeType>xyz</AttributeType><IsRequired>true</IsRequired><Value i:type="a:ArrayOfdouble" xmlns:a="http://schemas.microsoft.com/2003/10/Serialization/Arrays"><a:double>0</a:double><a:double>0</a:double><a:double>0</a:double></Value></Attribute></Attributes><ChildElements/><ElementName>axis</ElementName><required>false</required><XYZAttribute z:Ref="i47"/></URDFElement><URDFElement z:Id="i48" i:type="Limit"><Attributes><Attribute z:Id="i49"><AttributeType>lower</AttributeType><IsRequired>false</IsRequired><Value i:nil="true"/></Attribute><Attribute z:Id="i50"><AttributeType>upper</AttributeType><IsRequired>false</IsRequired><Value i:nil="true"/></Attribute><Attribute z:Id="i51"><AttributeType>effort</AttributeType><IsRequired>true</IsRequired><Value i:nil="true"/></Attribute><Attribute z:Id="i52"><AttributeType>velocity</AttributeType><IsRequired>true</IsRequired><Value i:nil="true"/></Attribute></Attributes><ChildElements/><ElementName>limit</ElementName><required>false</required><EffortAttribute z:Ref="i51"/><LowerAttribute z:Ref="i49"/><UpperAttribute z:Ref="i50"/><VelocityAttribute z:Ref="i52"/></URDFElement><URDFElement z:Id="i53" i:type="Calibration"><Attributes><Attribute z:Id="i54"><AttributeType>rising</AttributeType><IsRequired>false</IsRequired><Value i:nil="true"/></Attribute><Attribute z:Id="i55"><AttributeType>falling</AttributeType><IsRequired>false</IsRequired><Value i:nil="true"/></Attribute></Attributes><ChildElements/><ElementName>calibration</ElementName><required>false</required><FallingAttribute z:Ref="i55"/><RisingAttribute z:Ref="i54"/></URDFElement><URDFElement z:Id="i56" i:type="Dynamics"><Attributes><Attribute z:Id="i57"><AttributeType>damping</AttributeType><IsRequired>false</IsRequired><Value i:nil="true"/></Attribute><Attribute z:Id="i58"><AttributeType>friction</AttributeType><IsRequired>false</IsRequired><Value i:nil="true"/></Attribute></Attributes><ChildElements/><ElementName>dynamics</ElementName><required>false</required><DampingAttribute z:Ref="i57"/><FrictionAttribute z:Ref="i58"/></URDFElement><URDFElement z:Id="i59" i:type="SafetyController"><Attributes><Attribute z:Id="i60"><AttributeType>soft_upper_limit</AttributeType><IsRequired>false</IsRequired><Value i:nil="true"/></Attribute><Attribute z:Id="i61"><AttributeType>soft_lower_limit</AttributeType><IsRequired>false</IsRequired><Value i:nil="true"/></Attribute><Attribute z:Id="i62"><AttributeType>k_position</AttributeType><IsRequired>false</IsRequired><Value i:nil="true"/></Attribute><Attribute z:Id="i63"><AttributeType>k_velocity</AttributeType><IsRequired>true</IsRequired><Value i:nil="true"/></Attribute></Attributes><ChildElements/><ElementName>safety_controller</ElementName><required>false</required><KPositionAttribute z:Ref="i62"/><KVelocityAttribute z:Ref="i63"/><SoftLowerAttribute z:Ref="i61"/><SoftUpperAttribute z:Ref="i60"/></URDFElement><URDFElement z:Id="i64" i:type="Mimic"><Attributes><Attribute z:Id="i65"><AttributeType>joint</AttributeType><IsRequired>true</IsRequired><Value i:nil="true"/></Attribute><Attribute z:Id="i66"><AttributeType>multiplier</AttributeType><IsRequired>false</IsRequired><Value i:nil="true"/></Attribute><Attribute z:Id="i67"><AttributeType>offset</AttributeType><IsRequired>false</IsRequired><Value i:nil="true"/></Attribute></Attributes><ChildElements/><ElementName>mimic</ElementName><required>false</required><JointNameAttribute z:Ref="i65"/><MultiplierAttribute z:Ref="i66"/><OffsetAttribute z:Ref="i67"/></URDFElement></ChildElements><ElementName>joint</ElementName><required>false</required><Axis z:Ref="i46"/><AxisName/><Calibration z:Ref="i53"/><Child z:Ref="i44"/><CoordinateSystemName>Automatically Generate</CoordinateSystemName><Dynamics z:Ref="i56"/><Limit z:Ref="i48"/><Mimic z:Ref="i64"/><NameAttribute z:Ref="i37"/><Origin z:Ref="i39"/><Parent z:Ref="i42"/><Safety z:Ref="i59"/><TypeAttribute z:Ref="i38"/></URDFElement></ChildElements><ElementName>link</ElementName><required>true</required><Children/><Collision z:Ref="i29"/><Inertial z:Ref="i3"/><Joint z:Ref="i36"/><NameAttribute z:Ref="i2"/><Parent i:nil="true"/><STLQualityFine>false</STLQualityFine><SWComponentPIDs xmlns:a="http://schemas.microsoft.com/2003/10/Serialization/Arrays"><a:base64Binary>KCMAAAUAAAD//v8IqJhHYi0AMQBAADtOp2OxewQAAAAQAAAAAQAAAAEAAAAYAAAA</a:base64Binary><a:base64Binary>KCMAAAUAAAD//v8WMQAxADAAMQBDAEEAQQBOAEUAMAA0AEEAQQAoAICVKQAtADEAQAA7TqdjsXsEAAAAEAAAAAEAAAABAAAAFwAAAA==</a:base64Binary><a:base64Binary>KCMAAAUAAAD//v8XMQAxADAAMQBDAEEAQQBOAEUAMAAzAEEAQQAoAJVef2cpAC0AMQBAADtOp2OxewQAAAAQAAAAAQAAAAEAAAAWAAAA</a:base64Binary><a:base64Binary>KCMAAAUAAAD//v8YMQAxADAAMQBDAEEAQQBOAEUAMAAyAEEAQQAoAPuWp2OxeykALQAxAEAAO06nY7F7BAAAABAAAAABAAAAAQAAABUAAAA=</a:base64Binary></SWComponentPIDs><SWMainComponentPID i:nil="true"/><Visual z:Ref="i16"/><isFixedFrame>false</isFixedFrame><isIncomplete>false</isIncomplete></Link>
2023-02-10 16:20:51,225 INFO  AssemblyExportForm.cs: 309 - Saving URDF package to C:\wamp\www\demoline\D北c\CtrlBox
2023-02-10 16:20:51,226 INFO  ExportHelper.cs: 147 - Beginning the export process
2023-02-10 16:20:51,227 INFO  ExportHelper.cs: 153 - Creating package directories with name CtrlBox and save path C:\wamp\www\demoline\D北c
2023-02-10 16:20:53,065 INFO  ExportHelper.cs: 162 - Creating CMakeLists.txt at C:\wamp\www\demoline\D北c\CtrlBox\CMakeLists.txt
2023-02-10 16:20:53,074 INFO  ExportHelper.cs: 166 - Creating joint names config at C:\wamp\www\demoline\D北c\CtrlBox\config\joint_names_CtrlBox.yaml
2023-02-10 16:20:53,075 INFO  ExportHelper.cs: 170 - Creating package.xml at C:\wamp\www\demoline\D北c\CtrlBox\package.xml
2023-02-10 16:20:53,075 INFO  PackageXMLWriter.cs: 21 - Creating package.xml at C:\wamp\www\demoline\D北c\CtrlBox\package.xml
2023-02-10 16:20:53,076 INFO  ExportHelper.cs: 177 - Creating RVIZ launch file in C:\wamp\www\demoline\D北c\CtrlBox\launch\
2023-02-10 16:20:53,076 INFO  ExportHelper.cs: 182 - Creating Gazebo launch file in C:\wamp\www\demoline\D北c\CtrlBox\launch\
2023-02-10 16:20:53,077 INFO  ExportHelper.cs: 187 - Saving existing STL preferences
2023-02-10 16:20:53,077 INFO  ExportHelper.cs: 450 - Saving users preferences
2023-02-10 16:20:53,078 INFO  ExportHelper.cs: 190 - Modifying STL preferences
2023-02-10 16:20:53,078 INFO  ExportHelper.cs: 464 - Setting STL preferences
2023-02-10 16:20:53,079 INFO  ExportHelper.cs: 196 - Found 0 hidden components 
2023-02-10 16:20:53,079 INFO  ExportHelper.cs: 197 - Hiding all components
2023-02-10 16:20:53,854 INFO  ExportHelper.cs: 204 - Beginning individual files export
2023-02-10 16:20:53,856 INFO  ExportHelper.cs: 270 - Exporting link: base_link
2023-02-10 16:20:53,856 INFO  ExportHelper.cs: 272 - Link base_link has 0 children
2023-02-10 16:20:53,857 INFO  ExportHelper.cs: 317 - base_link: Exporting STL with coordinate frame Origin_global
2023-02-10 16:20:53,857 INFO  ExportHelper.cs: 322 - base_link: Reference geometry name 
2023-02-10 16:20:53,934 INFO  ExportHelper.cs: 330 - Saving STL to C:\wamp\www\demoline\D北c\CtrlBox\meshes\base_link.STL
2023-02-10 16:20:54,174 INFO  ExportHelper.cs: 405 - Removing SW header in STL file
2023-02-10 16:20:54,175 INFO  ExportHelper.cs: 145 - Showing all components except previously hidden components
2023-02-10 16:20:54,241 INFO  ExportHelper.cs: 145 - Resetting STL preferences
2023-02-10 16:20:54,242 INFO  ExportHelper.cs: 478 - Returning STL preferences to user preferences
2023-02-10 16:20:54,242 INFO  ExportHelper.cs: 228 - Writing URDF file to C:\wamp\www\demoline\D北c\CtrlBox\urdf\CtrlBox.urdf
2023-02-10 16:20:54,250 INFO  CSVImportExport.cs: 32 - Writing CSV file C:\wamp\www\demoline\D北c\CtrlBox\urdf\CtrlBox.csv
2023-02-10 16:20:54,251 ERROR CSVImportExport.cs: 130 - The following columns were not written to the CSV: Link.Joint.ChildLink.link,
2023-02-10 16:20:54,252 INFO  ExportHelper.cs: 234 - Copying log file
2023-02-10 16:20:54,252 INFO  ExportHelper.cs: 439 - Copying C:\Users\user\sw2urdf_logs\sw2urdf.log to C:\wamp\www\demoline\D北c\CtrlBox\export.log
2023-02-10 16:20:54,254 INFO  ExportHelper.cs: 237 - Resetting STL preferences
2023-02-10 16:20:54,255 INFO  ExportHelper.cs: 478 - Returning STL preferences to user preferences
2023-02-10 16:22:54,298 INFO  SwAddin.cs: 294 - Assembly export called for file v吵ゑ焊┏y.sldasm
2023-02-10 16:22:54,299 INFO  SwAddin.cs: 299 - Save is required
2023-02-10 16:22:54,299 INFO  SwAddin.cs: 313 - Saving assembly
2023-02-10 16:22:54,299 INFO  SwAddin.cs: 316 - Opening property manager
2023-02-10 16:22:54,300 INFO  ExportHelperExtension.cs: 1125 - Retrieving features of type [CoordSys] from v吵ゑ焊┏y.sldasm
2023-02-10 16:22:54,300 INFO  ExportHelperExtension.cs: 1136 - Found 24 in v吵ゑ焊┏y.sldasm
2023-02-10 16:22:54,300 INFO  ExportHelperExtension.cs: 1145 - Found 0 features of type [CoordSys] in v吵ゑ焊┏y.sldasm
2023-02-10 16:22:54,301 INFO  ExportHelperExtension.cs: 1148 - Proceeding through assembly components
2023-02-10 16:22:54,301 INFO  ExportHelperExtension.cs: 1160 - 5 components to check
2023-02-10 16:22:54,301 INFO  ExportHelperExtension.cs: 1125 - Retrieving features of type [CoordSys] from Z005-70-16-100(sグ)-1
2023-02-10 16:22:54,302 INFO  ExportHelperExtension.cs: 1136 - Found 18 in Z005-70-16-100(sグ)-1
2023-02-10 16:22:54,302 INFO  ExportHelperExtension.cs: 1145 - Found 0 features of type [CoordSys] in Z005-70-16-100(sグ)-1
2023-02-10 16:22:54,302 INFO  ExportHelperExtension.cs: 1125 - Retrieving features of type [CoordSys] from Z005-70-16-100(sグ)-3
2023-02-10 16:22:54,302 INFO  ExportHelperExtension.cs: 1136 - Found 18 in Z005-70-16-100(sグ)-3
2023-02-10 16:22:54,303 INFO  ExportHelperExtension.cs: 1145 - Found 0 features of type [CoordSys] in Z005-70-16-100(sグ)-3
2023-02-10 16:22:54,303 INFO  ExportHelperExtension.cs: 1125 - Retrieving features of type [CoordSys] from Z005-70-16-100(sグ)-4
2023-02-10 16:22:54,303 INFO  ExportHelperExtension.cs: 1136 - Found 18 in Z005-70-16-100(sグ)-4
2023-02-10 16:22:54,304 INFO  ExportHelperExtension.cs: 1145 - Found 0 features of type [CoordSys] in Z005-70-16-100(sグ)-4
2023-02-10 16:22:54,304 INFO  ExportHelperExtension.cs: 1125 - Retrieving features of type [CoordSys] from Z005-70-16-100(sグ)-2
2023-02-10 16:22:54,304 INFO  ExportHelperExtension.cs: 1136 - Found 18 in Z005-70-16-100(sグ)-2
2023-02-10 16:22:54,304 INFO  ExportHelperExtension.cs: 1145 - Found 0 features of type [CoordSys] in Z005-70-16-100(sグ)-2
2023-02-10 16:22:54,305 INFO  ExportHelperExtension.cs: 1125 - Retrieving features of type [CoordSys] from 1101CAANE01AA(ROBOT[x)-1
2023-02-10 16:22:54,305 INFO  ExportHelperExtension.cs: 1136 - Found 40 in 1101CAANE01AA(ROBOT[x)-1
2023-02-10 16:22:54,305 INFO  ExportHelperExtension.cs: 1145 - Found 0 features of type [CoordSys] in 1101CAANE01AA(ROBOT[x)-1
2023-02-10 16:22:54,306 INFO  ExportHelperExtension.cs: 1125 - Retrieving features of type [RefAxis] from v吵ゑ焊┏y.sldasm
2023-02-10 16:22:54,306 INFO  ExportHelperExtension.cs: 1136 - Found 24 in v吵ゑ焊┏y.sldasm
2023-02-10 16:22:54,306 INFO  ExportHelperExtension.cs: 1145 - Found 0 features of type [RefAxis] in v吵ゑ焊┏y.sldasm
2023-02-10 16:22:54,306 INFO  ExportHelperExtension.cs: 1148 - Proceeding through assembly components
2023-02-10 16:22:54,307 INFO  ExportHelperExtension.cs: 1160 - 5 components to check
2023-02-10 16:22:54,307 INFO  ExportHelperExtension.cs: 1125 - Retrieving features of type [RefAxis] from Z005-70-16-100(sグ)-1
2023-02-10 16:22:54,307 INFO  ExportHelperExtension.cs: 1136 - Found 18 in Z005-70-16-100(sグ)-1
2023-02-10 16:22:54,308 INFO  ExportHelperExtension.cs: 1145 - Found 0 features of type [RefAxis] in Z005-70-16-100(sグ)-1
2023-02-10 16:22:54,308 INFO  ExportHelperExtension.cs: 1125 - Retrieving features of type [RefAxis] from Z005-70-16-100(sグ)-3
2023-02-10 16:22:54,308 INFO  ExportHelperExtension.cs: 1136 - Found 18 in Z005-70-16-100(sグ)-3
2023-02-10 16:22:54,309 INFO  ExportHelperExtension.cs: 1145 - Found 0 features of type [RefAxis] in Z005-70-16-100(sグ)-3
2023-02-10 16:22:54,309 INFO  ExportHelperExtension.cs: 1125 - Retrieving features of type [RefAxis] from Z005-70-16-100(sグ)-4
2023-02-10 16:22:54,310 INFO  ExportHelperExtension.cs: 1136 - Found 18 in Z005-70-16-100(sグ)-4
2023-02-10 16:22:54,310 INFO  ExportHelperExtension.cs: 1145 - Found 0 features of type [RefAxis] in Z005-70-16-100(sグ)-4
2023-02-10 16:22:54,311 INFO  ExportHelperExtension.cs: 1125 - Retrieving features of type [RefAxis] from Z005-70-16-100(sグ)-2
2023-02-10 16:22:54,311 INFO  ExportHelperExtension.cs: 1136 - Found 18 in Z005-70-16-100(sグ)-2
2023-02-10 16:22:54,311 INFO  ExportHelperExtension.cs: 1145 - Found 0 features of type [RefAxis] in Z005-70-16-100(sグ)-2
2023-02-10 16:22:54,312 INFO  ExportHelperExtension.cs: 1125 - Retrieving features of type [RefAxis] from 1101CAANE01AA(ROBOT[x)-1
2023-02-10 16:22:54,312 INFO  ExportHelperExtension.cs: 1136 - Found 40 in 1101CAANE01AA(ROBOT[x)-1
2023-02-10 16:22:54,312 INFO  ExportHelperExtension.cs: 1145 - Found 0 features of type [RefAxis] in 1101CAANE01AA(ROBOT[x)-1
2023-02-10 16:22:54,591 INFO  SwAddin.cs: 339 - Loading config tree
2023-02-10 16:22:54,591 INFO  ExportPropertyManagerExtension.cs: 520 - Starting new configuration
2023-02-10 16:22:54,592 INFO  SwAddin.cs: 344 - Showing property manager
2023-02-10 16:23:01,113 INFO  ExportPropertyManager.cs: 422 - Configuration saved
2023-02-10 16:23:02,195 INFO  ExportHelperExtension.cs: 1125 - Retrieving features of type [CoordSys] from v吵ゑ焊┏y.sldasm
2023-02-10 16:23:02,196 INFO  ExportHelperExtension.cs: 1136 - Found 27 in v吵ゑ焊┏y.sldasm
2023-02-10 16:23:02,196 INFO  ExportHelperExtension.cs: 1145 - Found 1 features of type [CoordSys] in v吵ゑ焊┏y.sldasm
2023-02-10 16:23:02,196 INFO  ExportHelperExtension.cs: 1148 - Proceeding through assembly components
2023-02-10 16:23:02,197 INFO  ExportHelperExtension.cs: 1160 - 5 components to check
2023-02-10 16:23:02,197 INFO  ExportHelperExtension.cs: 1125 - Retrieving features of type [CoordSys] from Z005-70-16-100(sグ)-1
2023-02-10 16:23:02,197 INFO  ExportHelperExtension.cs: 1136 - Found 18 in Z005-70-16-100(sグ)-1
2023-02-10 16:23:02,197 INFO  ExportHelperExtension.cs: 1145 - Found 0 features of type [CoordSys] in Z005-70-16-100(sグ)-1
2023-02-10 16:23:02,198 INFO  ExportHelperExtension.cs: 1125 - Retrieving features of type [CoordSys] from Z005-70-16-100(sグ)-3
2023-02-10 16:23:02,198 INFO  ExportHelperExtension.cs: 1136 - Found 18 in Z005-70-16-100(sグ)-3
2023-02-10 16:23:02,198 INFO  ExportHelperExtension.cs: 1145 - Found 0 features of type [CoordSys] in Z005-70-16-100(sグ)-3
2023-02-10 16:23:02,199 INFO  ExportHelperExtension.cs: 1125 - Retrieving features of type [CoordSys] from Z005-70-16-100(sグ)-4
2023-02-10 16:23:02,199 INFO  ExportHelperExtension.cs: 1136 - Found 18 in Z005-70-16-100(sグ)-4
2023-02-10 16:23:02,199 INFO  ExportHelperExtension.cs: 1145 - Found 0 features of type [CoordSys] in Z005-70-16-100(sグ)-4
2023-02-10 16:23:02,200 INFO  ExportHelperExtension.cs: 1125 - Retrieving features of type [CoordSys] from Z005-70-16-100(sグ)-2
2023-02-10 16:23:02,200 INFO  ExportHelperExtension.cs: 1136 - Found 18 in Z005-70-16-100(sグ)-2
2023-02-10 16:23:02,203 INFO  ExportHelperExtension.cs: 1145 - Found 0 features of type [CoordSys] in Z005-70-16-100(sグ)-2
2023-02-10 16:23:02,203 INFO  ExportHelperExtension.cs: 1125 - Retrieving features of type [CoordSys] from 1101CAANE01AA(ROBOT[x)-1
2023-02-10 16:23:02,239 INFO  ExportHelperExtension.cs: 1136 - Found 40 in 1101CAANE01AA(ROBOT[x)-1
2023-02-10 16:23:02,240 INFO  ExportHelperExtension.cs: 1145 - Found 0 features of type [CoordSys] in 1101CAANE01AA(ROBOT[x)-1
2023-02-10 16:23:02,240 INFO  ExportHelperExtension.cs: 1125 - Retrieving features of type [RefAxis] from v吵ゑ焊┏y.sldasm
2023-02-10 16:23:02,241 INFO  ExportHelperExtension.cs: 1136 - Found 27 in v吵ゑ焊┏y.sldasm
2023-02-10 16:23:02,241 INFO  ExportHelperExtension.cs: 1145 - Found 0 features of type [RefAxis] in v吵ゑ焊┏y.sldasm
2023-02-10 16:23:02,241 INFO  ExportHelperExtension.cs: 1148 - Proceeding through assembly components
2023-02-10 16:23:02,242 INFO  ExportHelperExtension.cs: 1160 - 5 components to check
2023-02-10 16:23:02,242 INFO  ExportHelperExtension.cs: 1125 - Retrieving features of type [RefAxis] from Z005-70-16-100(sグ)-1
2023-02-10 16:23:02,242 INFO  ExportHelperExtension.cs: 1136 - Found 18 in Z005-70-16-100(sグ)-1
2023-02-10 16:23:02,243 INFO  ExportHelperExtension.cs: 1145 - Found 0 features of type [RefAxis] in Z005-70-16-100(sグ)-1
2023-02-10 16:23:02,243 INFO  ExportHelperExtension.cs: 1125 - Retrieving features of type [RefAxis] from Z005-70-16-100(sグ)-3
2023-02-10 16:23:02,243 INFO  ExportHelperExtension.cs: 1136 - Found 18 in Z005-70-16-100(sグ)-3
2023-02-10 16:23:02,243 INFO  ExportHelperExtension.cs: 1145 - Found 0 features of type [RefAxis] in Z005-70-16-100(sグ)-3
2023-02-10 16:23:02,244 INFO  ExportHelperExtension.cs: 1125 - Retrieving features of type [RefAxis] from Z005-70-16-100(sグ)-4
2023-02-10 16:23:02,244 INFO  ExportHelperExtension.cs: 1136 - Found 18 in Z005-70-16-100(sグ)-4
2023-02-10 16:23:02,244 INFO  ExportHelperExtension.cs: 1145 - Found 0 features of type [RefAxis] in Z005-70-16-100(sグ)-4
2023-02-10 16:23:02,245 INFO  ExportHelperExtension.cs: 1125 - Retrieving features of type [RefAxis] from Z005-70-16-100(sグ)-2
2023-02-10 16:23:02,245 INFO  ExportHelperExtension.cs: 1136 - Found 18 in Z005-70-16-100(sグ)-2
2023-02-10 16:23:02,245 INFO  ExportHelperExtension.cs: 1145 - Found 0 features of type [RefAxis] in Z005-70-16-100(sグ)-2
2023-02-10 16:23:02,245 INFO  ExportHelperExtension.cs: 1125 - Retrieving features of type [RefAxis] from 1101CAANE01AA(ROBOT[x)-1
2023-02-10 16:23:02,246 INFO  ExportHelperExtension.cs: 1136 - Found 40 in 1101CAANE01AA(ROBOT[x)-1
2023-02-10 16:23:02,246 INFO  ExportHelperExtension.cs: 1145 - Found 0 features of type [RefAxis] in 1101CAANE01AA(ROBOT[x)-1
2023-02-10 16:23:02,272 INFO  ExportPropertyManager.cs: 1142 - AfterClose called. This method no longer throws an Exception. It just silently does nothing. Ok, except for this logging message
2023-02-10 16:23:11,081 INFO  AssemblyExportForm.cs: 253 - Completing URDF export
2023-02-10 16:23:11,084 INFO  ConfigurationSerialization.cs: 276 - URDF Configuration found
<Link z:Id="i1" xmlns="http://schemas.datacontract.org/2004/07/SW2URDF" xmlns:i="http://www.w3.org/2001/XMLSchema-instance" xmlns:z="http://schemas.microsoft.com/2003/10/Serialization/"><Attributes><Attribute z:Id="i2"><AttributeType>name</AttributeType><IsRequired>true</IsRequired><Value i:type="a:string" xmlns:a="http://www.w3.org/2001/XMLSchema">base_link</Value></Attribute></Attributes><ChildElements><URDFElement z:Id="i3" i:type="Inertial"><Attributes/><ChildElements><URDFElement z:Id="i4" i:type="Origin"><Attributes><Attribute z:Id="i5"><AttributeType>xyz</AttributeType><IsRequired>true</IsRequired><Value i:type="a:ArrayOfdouble" xmlns:a="http://schemas.microsoft.com/2003/10/Serialization/Arrays"><a:double>0</a:double><a:double>0</a:double><a:double>0</a:double></Value></Attribute><Attribute z:Id="i6"><AttributeType>rpy</AttributeType><IsRequired>true</IsRequired><Value i:type="a:ArrayOfdouble" xmlns:a="http://schemas.microsoft.com/2003/10/Serialization/Arrays"><a:double>0</a:double><a:double>0</a:double><a:double>0</a:double></Value></Attribute></Attributes><ChildElements/><ElementName>origin</ElementName><required>false</required><RPYAttribute z:Ref="i6"/><XYZAttribute z:Ref="i5"/><isCustomized>false</isCustomized></URDFElement><URDFElement z:Id="i7" i:type="Mass"><Attributes><Attribute z:Id="i8"><AttributeType>value</AttributeType><IsRequired>true</IsRequired><Value i:type="a:double" xmlns:a="http://www.w3.org/2001/XMLSchema">0</Value></Attribute></Attributes><ChildElements/><ElementName>mass</ElementName><required>false</required><ValueAttribute z:Ref="i8"/></URDFElement><URDFElement z:Id="i9" i:type="Inertia"><Attributes><Attribute z:Id="i10"><AttributeType>ixx</AttributeType><IsRequired>true</IsRequired><Value i:type="a:double" xmlns:a="http://www.w3.org/2001/XMLSchema">0</Value></Attribute><Attribute z:Id="i11"><AttributeType>ixy</AttributeType><IsRequired>true</IsRequired><Value i:type="a:double" xmlns:a="http://www.w3.org/2001/XMLSchema">0</Value></Attribute><Attribute z:Id="i12"><AttributeType>ixz</AttributeType><IsRequired>true</IsRequired><Value i:type="a:double" xmlns:a="http://www.w3.org/2001/XMLSchema">0</Value></Attribute><Attribute z:Id="i13"><AttributeType>iyy</AttributeType><IsRequired>true</IsRequired><Value i:type="a:double" xmlns:a="http://www.w3.org/2001/XMLSchema">0</Value></Attribute><Attribute z:Id="i14"><AttributeType>iyz</AttributeType><IsRequired>true</IsRequired><Value i:type="a:double" xmlns:a="http://www.w3.org/2001/XMLSchema">0</Value></Attribute><Attribute z:Id="i15"><AttributeType>izz</AttributeType><IsRequired>true</IsRequired><Value i:type="a:double" xmlns:a="http://www.w3.org/2001/XMLSchema">0</Value></Attribute></Attributes><ChildElements/><ElementName>inertia</ElementName><required>false</required><IxxAttribute z:Ref="i10"/><IxyAttribute z:Ref="i11"/><IxzAttribute z:Ref="i12"/><IyyAttribute z:Ref="i13"/><IyzAttribute z:Ref="i14"/><IzzAttribute z:Ref="i15"/></URDFElement></ChildElements><ElementName>inertial</ElementName><required>false</required><Inertia z:Ref="i9"/><Mass z:Ref="i7"/><Origin z:Ref="i4"/></URDFElement><URDFElement z:Id="i16" i:type="Visual"><Attributes/><ChildElements><URDFElement z:Id="i17" i:type="Origin"><Attributes><Attribute z:Id="i18"><AttributeType>xyz</AttributeType><IsRequired>true</IsRequired><Value i:type="a:ArrayOfdouble" xmlns:a="http://schemas.microsoft.com/2003/10/Serialization/Arrays"><a:double>0</a:double><a:double>0</a:double><a:double>0</a:double></Value></Attribute><Attribute z:Id="i19"><AttributeType>rpy</AttributeType><IsRequired>true</IsRequired><Value i:type="a:ArrayOfdouble" xmlns:a="http://schemas.microsoft.com/2003/10/Serialization/Arrays"><a:double>0</a:double><a:double>0</a:double><a:double>0</a:double></Value></Attribute></Attributes><ChildElements/><ElementName>origin</ElementName><required>false</required><RPYAttribute z:Ref="i19"/><XYZAttribute z:Ref="i18"/><isCustomized>false</isCustomized></URDFElement><URDFElement z:Id="i20" i:type="Geometry"><Attributes/><ChildElements><URDFElement z:Id="i21" i:type="Mesh"><Attributes><Attribute z:Id="i22"><AttributeType>filename</AttributeType><IsRequired>true</IsRequired><Value i:nil="true"/></Attribute></Attributes><ChildElements/><ElementName>mesh</ElementName><required>false</required><FilenameAttribute z:Ref="i22"/></URDFElement></ChildElements><ElementName>geometry</ElementName><required>true</required><Mesh z:Ref="i21"/></URDFElement><URDFElement z:Id="i23" i:type="Material"><Attributes><Attribute z:Id="i24"><AttributeType>name</AttributeType><IsRequired>true</IsRequired><Value i:type="a:string" xmlns:a="http://www.w3.org/2001/XMLSchema"/></Attribute></Attributes><ChildElements><URDFElement z:Id="i25" i:type="Color"><Attributes><Attribute z:Id="i26"><AttributeType>rgba</AttributeType><IsRequired>true</IsRequired><Value i:type="a:ArrayOfdouble" xmlns:a="http://schemas.microsoft.com/2003/10/Serialization/Arrays"><a:double>1</a:double><a:double>1</a:double><a:double>1</a:double><a:double>1</a:double></Value></Attribute></Attributes><ChildElements/><ElementName>color</ElementName><required>false</required><RGBAAttribute z:Ref="i26"/></URDFElement><URDFElement z:Id="i27" i:type="Texture"><Attributes><Attribute z:Id="i28"><AttributeType>filename</AttributeType><IsRequired>true</IsRequired><Value i:nil="true"/></Attribute></Attributes><ChildElements/><ElementName>texture</ElementName><required>false</required><FilenameAttribute z:Ref="i28"/><wFilename/></URDFElement></ChildElements><ElementName>material</ElementName><required>false</required><Color z:Ref="i25"/><NameAttribute z:Ref="i24"/><Texture z:Ref="i27"/></URDFElement></ChildElements><ElementName>visual</ElementName><required>false</required><Geometry z:Ref="i20"/><Material z:Ref="i23"/><Origin z:Ref="i17"/></URDFElement><URDFElement z:Id="i29" i:type="Collision"><Attributes/><ChildElements><URDFElement z:Id="i30" i:type="Origin"><Attributes><Attribute z:Id="i31"><AttributeType>xyz</AttributeType><IsRequired>true</IsRequired><Value i:type="a:ArrayOfdouble" xmlns:a="http://schemas.microsoft.com/2003/10/Serialization/Arrays"><a:double>0</a:double><a:double>0</a:double><a:double>0</a:double></Value></Attribute><Attribute z:Id="i32"><AttributeType>rpy</AttributeType><IsRequired>true</IsRequired><Value i:type="a:ArrayOfdouble" xmlns:a="http://schemas.microsoft.com/2003/10/Serialization/Arrays"><a:double>0</a:double><a:double>0</a:double><a:double>0</a:double></Value></Attribute></Attributes><ChildElements/><ElementName>origin</ElementName><required>false</required><RPYAttribute z:Ref="i32"/><XYZAttribute z:Ref="i31"/><isCustomized>false</isCustomized></URDFElement><URDFElement z:Id="i33" i:type="Geometry"><Attributes/><ChildElements><URDFElement z:Id="i34" i:type="Mesh"><Attributes><Attribute z:Id="i35"><AttributeType>filename</AttributeType><IsRequired>true</IsRequired><Value i:nil="true"/></Attribute></Attributes><ChildElements/><ElementName>mesh</ElementName><required>false</required><FilenameAttribute z:Ref="i35"/></URDFElement></ChildElements><ElementName>geometry</ElementName><required>true</required><Mesh z:Ref="i34"/></URDFElement></ChildElements><ElementName>collision</ElementName><required>false</required><Geometry z:Ref="i33"/><Origin z:Ref="i30"/></URDFElement><URDFElement z:Id="i36" i:type="Joint"><Attributes><Attribute z:Id="i37"><AttributeType>name</AttributeType><IsRequired>true</IsRequired><Value i:type="a:string" xmlns:a="http://www.w3.org/2001/XMLSchema"/></Attribute><Attribute z:Id="i38"><AttributeType>type</AttributeType><IsRequired>true</IsRequired><Value i:type="a:string" xmlns:a="http://www.w3.org/2001/XMLSchema"/></Attribute></Attributes><ChildElements><URDFElement z:Id="i39" i:type="Origin"><Attributes><Attribute z:Id="i40"><AttributeType>xyz</AttributeType><IsRequired>true</IsRequired><Value i:type="a:ArrayOfdouble" xmlns:a="http://schemas.microsoft.com/2003/10/Serialization/Arrays"><a:double>0</a:double><a:double>0</a:double><a:double>0</a:double></Value></Attribute><Attribute z:Id="i41"><AttributeType>rpy</AttributeType><IsRequired>true</IsRequired><Value i:type="a:ArrayOfdouble" xmlns:a="http://schemas.microsoft.com/2003/10/Serialization/Arrays"><a:double>0</a:double><a:double>0</a:double><a:double>0</a:double></Value></Attribute></Attributes><ChildElements/><ElementName>origin</ElementName><required>false</required><RPYAttribute z:Ref="i41"/><XYZAttribute z:Ref="i40"/><isCustomized>false</isCustomized></URDFElement><URDFElement z:Id="i42" i:type="ParentLink"><Attributes><Attribute z:Id="i43"><AttributeType>link</AttributeType><IsRequired>true</IsRequired><Value i:type="a:string" xmlns:a="http://www.w3.org/2001/XMLSchema"/></Attribute></Attributes><ChildElements/><ElementName>parent</ElementName><required>true</required><NameAttribute z:Ref="i43"/></URDFElement><URDFElement z:Id="i44" i:type="ChildLink"><Attributes><Attribute z:Id="i45"><AttributeType>link</AttributeType><IsRequired>true</IsRequired><Value i:type="a:string" xmlns:a="http://www.w3.org/2001/XMLSchema"/></Attribute></Attributes><ChildElements/><ElementName>child</ElementName><required>true</required><NameAttribute z:Ref="i45"/></URDFElement><URDFElement z:Id="i46" i:type="Axis"><Attributes><Attribute z:Id="i47"><AttributeType>xyz</AttributeType><IsRequired>true</IsRequired><Value i:type="a:ArrayOfdouble" xmlns:a="http://schemas.microsoft.com/2003/10/Serialization/Arrays"><a:double>0</a:double><a:double>0</a:double><a:double>0</a:double></Value></Attribute></Attributes><ChildElements/><ElementName>axis</ElementName><required>false</required><XYZAttribute z:Ref="i47"/></URDFElement><URDFElement z:Id="i48" i:type="Limit"><Attributes><Attribute z:Id="i49"><AttributeType>lower</AttributeType><IsRequired>false</IsRequired><Value i:nil="true"/></Attribute><Attribute z:Id="i50"><AttributeType>upper</AttributeType><IsRequired>false</IsRequired><Value i:nil="true"/></Attribute><Attribute z:Id="i51"><AttributeType>effort</AttributeType><IsRequired>true</IsRequired><Value i:nil="true"/></Attribute><Attribute z:Id="i52"><AttributeType>velocity</AttributeType><IsRequired>true</IsRequired><Value i:nil="true"/></Attribute></Attributes><ChildElements/><ElementName>limit</ElementName><required>false</required><EffortAttribute z:Ref="i51"/><LowerAttribute z:Ref="i49"/><UpperAttribute z:Ref="i50"/><VelocityAttribute z:Ref="i52"/></URDFElement><URDFElement z:Id="i53" i:type="Calibration"><Attributes><Attribute z:Id="i54"><AttributeType>rising</AttributeType><IsRequired>false</IsRequired><Value i:nil="true"/></Attribute><Attribute z:Id="i55"><AttributeType>falling</AttributeType><IsRequired>false</IsRequired><Value i:nil="true"/></Attribute></Attributes><ChildElements/><ElementName>calibration</ElementName><required>false</required><FallingAttribute z:Ref="i55"/><RisingAttribute z:Ref="i54"/></URDFElement><URDFElement z:Id="i56" i:type="Dynamics"><Attributes><Attribute z:Id="i57"><AttributeType>damping</AttributeType><IsRequired>false</IsRequired><Value i:nil="true"/></Attribute><Attribute z:Id="i58"><AttributeType>friction</AttributeType><IsRequired>false</IsRequired><Value i:nil="true"/></Attribute></Attributes><ChildElements/><ElementName>dynamics</ElementName><required>false</required><DampingAttribute z:Ref="i57"/><FrictionAttribute z:Ref="i58"/></URDFElement><URDFElement z:Id="i59" i:type="SafetyController"><Attributes><Attribute z:Id="i60"><AttributeType>soft_upper_limit</AttributeType><IsRequired>false</IsRequired><Value i:nil="true"/></Attribute><Attribute z:Id="i61"><AttributeType>soft_lower_limit</AttributeType><IsRequired>false</IsRequired><Value i:nil="true"/></Attribute><Attribute z:Id="i62"><AttributeType>k_position</AttributeType><IsRequired>false</IsRequired><Value i:nil="true"/></Attribute><Attribute z:Id="i63"><AttributeType>k_velocity</AttributeType><IsRequired>true</IsRequired><Value i:nil="true"/></Attribute></Attributes><ChildElements/><ElementName>safety_controller</ElementName><required>false</required><KPositionAttribute z:Ref="i62"/><KVelocityAttribute z:Ref="i63"/><SoftLowerAttribute z:Ref="i61"/><SoftUpperAttribute z:Ref="i60"/></URDFElement><URDFElement z:Id="i64" i:type="Mimic"><Attributes><Attribute z:Id="i65"><AttributeType>joint</AttributeType><IsRequired>true</IsRequired><Value i:nil="true"/></Attribute><Attribute z:Id="i66"><AttributeType>multiplier</AttributeType><IsRequired>false</IsRequired><Value i:nil="true"/></Attribute><Attribute z:Id="i67"><AttributeType>offset</AttributeType><IsRequired>false</IsRequired><Value i:nil="true"/></Attribute></Attributes><ChildElements/><ElementName>mimic</ElementName><required>false</required><JointNameAttribute z:Ref="i65"/><MultiplierAttribute z:Ref="i66"/><OffsetAttribute z:Ref="i67"/></URDFElement></ChildElements><ElementName>joint</ElementName><required>false</required><Axis z:Ref="i46"/><AxisName/><Calibration z:Ref="i53"/><Child z:Ref="i44"/><CoordinateSystemName>Automatically Generate</CoordinateSystemName><Dynamics z:Ref="i56"/><Limit z:Ref="i48"/><Mimic z:Ref="i64"/><NameAttribute z:Ref="i37"/><Origin z:Ref="i39"/><Parent z:Ref="i42"/><Safety z:Ref="i59"/><TypeAttribute z:Ref="i38"/></URDFElement></ChildElements><ElementName>link</ElementName><required>true</required><Children/><Collision z:Ref="i29"/><Inertial z:Ref="i3"/><Joint z:Ref="i36"/><NameAttribute z:Ref="i2"/><Parent i:nil="true"/><STLQualityFine>false</STLQualityFine><SWComponentPIDs xmlns:a="http://schemas.microsoft.com/2003/10/Serialization/Arrays"><a:base64Binary>KCMAAAUAAAD//v8fMQAxADAAMQBDAEEAQQBOAEUAMAAxAEEAQQAoAFIATwBCAE8AVAC2Z/BTKQAtADEAQADyU3aW1Gs+cpVep14EAAAAEAAAAAEAAAABAAAAFQAAAA==</a:base64Binary><a:base64Binary>KCMAAAUAAAD//v8bWgAwADAANQAtADcAMAAtADEANgAtADEAMAAwACgApH8YXykALQAyAEAA8lN2ltRrPnKVXqdeBAAAABAAAAABAAAAAQAAABgAAAA=</a:base64Binary><a:base64Binary>KCMAAAUAAAD//v8bWgAwADAANQAtADcAMAAtADEANgAtADEAMAAwACgApH8YXykALQA0AEAA8lN2ltRrPnKVXqdeBAAAABAAAAABAAAAAQAAABoAAAA=</a:base64Binary><a:base64Binary>KCMAAAUAAAD//v8bWgAwADAANQAtADcAMAAtADEANgAtADEAMAAwACgApH8YXykALQAzAEAA8lN2ltRrPnKVXqdeBAAAABAAAAABAAAAAQAAABkAAAA=</a:base64Binary><a:base64Binary>KCMAAAUAAAD//v8bWgAwADAANQAtADcAMAAtADEANgAtADEAMAAwACgApH8YXykALQAxAEAA8lN2ltRrPnKVXqdeBAAAABAAAAABAAAAAQAAABcAAAA=</a:base64Binary></SWComponentPIDs><SWMainComponentPID i:nil="true"/><Visual z:Ref="i16"/><isFixedFrame>false</isFixedFrame><isIncomplete>false</isIncomplete></Link>
2023-02-10 16:24:18,266 INFO  AssemblyExportForm.cs: 309 - Saving URDF package to C:\wamp\www\demoline\v吵ゑ焊┏y\staubli_base
2023-02-10 16:24:18,267 INFO  ExportHelper.cs: 147 - Beginning the export process
2023-02-10 16:24:18,270 INFO  ExportHelper.cs: 153 - Creating package directories with name staubli_base and save path C:\wamp\www\demoline\v吵ゑ焊┏y
2023-02-10 16:24:19,722 INFO  ExportHelper.cs: 162 - Creating CMakeLists.txt at C:\wamp\www\demoline\v吵ゑ焊┏y\staubli_base\CMakeLists.txt
2023-02-10 16:24:19,722 INFO  ExportHelper.cs: 166 - Creating joint names config at C:\wamp\www\demoline\v吵ゑ焊┏y\staubli_base\config\joint_names_staubli_base.yaml
2023-02-10 16:24:19,723 INFO  ExportHelper.cs: 170 - Creating package.xml at C:\wamp\www\demoline\v吵ゑ焊┏y\staubli_base\package.xml
2023-02-10 16:24:19,723 INFO  PackageXMLWriter.cs: 21 - Creating package.xml at C:\wamp\www\demoline\v吵ゑ焊┏y\staubli_base\package.xml
2023-02-10 16:24:19,724 INFO  ExportHelper.cs: 177 - Creating RVIZ launch file in C:\wamp\www\demoline\v吵ゑ焊┏y\staubli_base\launch\
2023-02-10 16:24:19,725 INFO  ExportHelper.cs: 182 - Creating Gazebo launch file in C:\wamp\www\demoline\v吵ゑ焊┏y\staubli_base\launch\
2023-02-10 16:24:19,726 INFO  ExportHelper.cs: 187 - Saving existing STL preferences
2023-02-10 16:24:19,726 INFO  ExportHelper.cs: 450 - Saving users preferences
2023-02-10 16:24:19,727 INFO  ExportHelper.cs: 190 - Modifying STL preferences
2023-02-10 16:24:19,727 INFO  ExportHelper.cs: 464 - Setting STL preferences
2023-02-10 16:24:19,728 INFO  ExportHelper.cs: 196 - Found 0 hidden components 
2023-02-10 16:24:19,728 INFO  ExportHelper.cs: 197 - Hiding all components
2023-02-10 16:24:20,448 INFO  ExportHelper.cs: 204 - Beginning individual files export
2023-02-10 16:24:20,450 INFO  ExportHelper.cs: 270 - Exporting link: base_link
2023-02-10 16:24:20,451 INFO  ExportHelper.cs: 272 - Link base_link has 0 children
2023-02-10 16:24:20,451 INFO  ExportHelper.cs: 317 - base_link: Exporting STL with coordinate frame Origin_global
2023-02-10 16:24:20,451 INFO  ExportHelper.cs: 322 - base_link: Reference geometry name 
2023-02-10 16:24:20,500 INFO  ExportHelper.cs: 330 - Saving STL to C:\wamp\www\demoline\v吵ゑ焊┏y\staubli_base\meshes\base_link.STL
2023-02-10 16:24:20,706 INFO  ExportHelper.cs: 405 - Removing SW header in STL file
2023-02-10 16:24:20,706 INFO  ExportHelper.cs: 145 - Showing all components except previously hidden components
2023-02-10 16:24:20,740 INFO  ExportHelper.cs: 145 - Resetting STL preferences
2023-02-10 16:24:20,741 INFO  ExportHelper.cs: 478 - Returning STL preferences to user preferences
2023-02-10 16:24:20,741 INFO  ExportHelper.cs: 228 - Writing URDF file to C:\wamp\www\demoline\v吵ゑ焊┏y\staubli_base\urdf\staubli_base.urdf
2023-02-10 16:24:20,742 INFO  CSVImportExport.cs: 32 - Writing CSV file C:\wamp\www\demoline\v吵ゑ焊┏y\staubli_base\urdf\staubli_base.csv
2023-02-10 16:24:20,743 ERROR CSVImportExport.cs: 130 - The following columns were not written to the CSV: Link.Joint.ChildLink.link,
2023-02-10 16:24:20,744 INFO  ExportHelper.cs: 234 - Copying log file
2023-02-10 16:24:20,744 INFO  ExportHelper.cs: 439 - Copying C:\Users\user\sw2urdf_logs\sw2urdf.log to C:\wamp\www\demoline\v吵ゑ焊┏y\staubli_base\export.log
